################################################################################
################################################################################
                      App Name: CmdrX  AppVersion: 2.0.0 
################################################################################
                 Execution Job Group Command File: CmdrX.xml 
                        Starting Execution of 37 Jobs. 
================================================================================
  Job Group Start Time UTC: 0001-01-01 Mon 00:00:00.000000000 +0000 UTC 
Job Group Start Time Local: 2017-12-18 Mon 23:34:50.987059400 -0600 CST 
 Job Group Local Time Zone:  - CST 
================================================================================

********************************************************************************

  Initial Application Path: 
    
********************************************************************************

  This Log File:
    D:\go\work\src\MikeAustin71\logopsgo\common\CmdrX\CmdrX_20171218233450.log
********************************************************************************

  Base Start Directory:
    D:\go\work\src\MikeAustin71\logopsgo\common
********************************************************************************

================================================================================
  Number Of Old Log Files Deleted: 0 
################################################################################
################################################################################
