################################################################################
################################################################################
                      App Name: CmdrX  AppVersion: 2.0.0 
################################################################################
                 Execution Job Group Command File: CmdrX.xml 
                        Starting Execution of 37 Jobs. 
================================================================================
  Job Group Start Time UTC: Monday January 1, 0001 00:00:00.000000000 +0000 UTC 
Job Group Start Time Local: Monday December 18, 2017 17:44:33.914472500 -0600 CST 
 Job Group Local Time Zone:  
================================================================================

********************************************************************************

  Initial Application Path: 
    
********************************************************************************

  This Log File:
    D:\go\work\src\MikeAustin71\logopsgo\common\CmdrX\CmdrX_20171218174433.log
********************************************************************************

  Base Start Directory:
    D:\go\work\src\MikeAustin71\logopsgo\common
********************************************************************************

================================================================================
  Number Of Old Log Files Deleted: 0 
################################################################################
################################################################################
