
###############################################################################
###############################################################################
                      CmdrX.exe Assembly Version 1.0.0.0                       
###############################################################################
                  Execution Job Group: CmdrXCmds.xml Commands                  
                         Starting Execution of 2 Jobs.                         
               Started Job Run: Sunday, 2015-10-25 14:57:39.237                
###############################################################################
###############################################################################



===============================================================================
===============================================================================
                        CmdrX Assembly Version 1.0.0.0                         
                                   Job No: 1                                   
-------------------------------------------------------------------------------
                                Job Name: Copy1                                
Started Job: Sunday, October 25, 2015 2:57:44 PM
-------------------------------------------------------------------------------
Process StartInfo FileName: cmd.exe
Process StartInfo Arguments: 
     /c Copy D:\T06\*.* D:\T08\
-------------------------------------------------------------------------------



-------------------------------------------------------------------------------
                             Job Completed: Copy1                              
-------------------------------------------------------------------------------
Job   Start Time: Sunday, 2015-10-25 14:57:44.086
Job     End Time: Sunday, 2015-10-25 14:57:44.167
Job Elapsed Time: 00 Hours  00 Minutes  00 Seconds  081 Milliseconds
Job    Exit Code: 0
===============================================================================
===============================================================================


===============================================================================
===============================================================================
                        CmdrX Assembly Version 1.0.0.0                         
                                   Job No: 2                                   
-------------------------------------------------------------------------------
                                Job Name: Copy2                                
Started Job: Sunday, October 25, 2015 2:57:44 PM
-------------------------------------------------------------------------------
Process StartInfo FileName: cmd.exe
Process StartInfo Arguments: 
     /c Copy D:\T07\*.* D:\T08\
-------------------------------------------------------------------------------



-------------------------------------------------------------------------------
                             Job Completed: Copy2                              
-------------------------------------------------------------------------------
Job   Start Time: Sunday, 2015-10-25 14:57:44.168
Job     End Time: Sunday, 2015-10-25 14:57:44.206
Job Elapsed Time: 00 Hours  00 Minutes  00 Seconds  037 Milliseconds
Job    Exit Code: 0
===============================================================================
===============================================================================



###############################################################################
###############################################################################
                      CmdrX.exe Assembly Version 1.0.0.0                       
###############################################################################
                  Execution Job Group: CmdrXCmds.xml Commands                  
###############################################################################
Completed Execution of 2 Jobs.
Number of messages logged: 0 
*******************************************************************************
JobGroup   Start Time: 2015-10-25 14:57:39.237
JobGroup     End Time: 2015-10-25 14:57:44.210
JobGroup Elapsed Time: 00 Hours  00 Minutes  04 Seconds  972 Milliseconds
*******************************************************************************

