################################################################################
################################################################################
                      App Name: cmdrX  AppVersion: 2.0.0 
################################################################################
               Execution Job Group Command File: cmdrXCmds.xml 
                        Starting Execution of 2 Jobs. 
================================================================================
  Job Group Start Time UTC: Friday July 7, 2017 20:20:53.632103300 +0000 UTC 
Job Group Start Time Local: Friday July 7, 2017 15:20:53.632103300 -0500 CDT 
 Job Group Local Time Zone: America/Chicago 
================================================================================

********************************************************************************

  Initial Application Path: 
    D:\go\work\src\MikeAustin71\logopsgo\app
********************************************************************************

  This Log File:
    D:\go\work\src\MikeAustin71\logopsgo\app\cmdrX\cmdrX_20170707152053.log
********************************************************************************

  Base Start Directory:
    D:\go\work\src\MikeAustin71\logopsgo\app
********************************************************************************

================================================================================
  Number Of Old Log Files Deleted: 0 
################################################################################
################################################################################


================================================================================
================================================================================
                        Starting Command Job Execution
                            Command Job Name: Copy1
                             Command Job Number: 1
================================================================================

********************************************************************************
  Cmd Job Description: RoboCopy Dir 5 to Dir 6
********************************************************************************
--------------------------------------------------------------------------------
  Cmd Type: RoboCopy Dir 5 to Dir 6
  Execute Cmd In Directory: 
  Delay Cmd Start Seconds: 
  Delay Cmd Start Target Time: 
  Delay Cmd Time Out in Seconds: 360
--------------------------------------------------------------------------------

********************************************************************************
  Execution Command: cmd.exe
  Command Arguments: /c robocopy D:\T05 D:\T06 *.txt 
********************************************************************************

                            Command Job Start Times
********************************************************************************
    Cmd Job Start Time UTC: 2017-07-07 20:21:05.789322700 +0000 UTC

  Cmd Job Start Time Local: 2017-07-07 15:21:05.789322700 -0500 CDT

   Cmd Job Local Time Zone: America/Chicago
********************************************************************************
================================================================================
================================================================================




++++++++++++++++++++++++++++++++++++++++++++++++++++++++++++++++++++++++++++++++
++++++++++++++++++++++++++++++++++++++++++++++++++++++++++++++++++++++++++++++++
                             Job Execution Message
!!!!!!!!!!!!!!!!!!!!!!!!!!!!!!!!!!!!!!!!!!!!!!!!!!!!!!!!!!!!!!!!!!!!!!!!!!!!!!!!
  Command Job Name: Copy1
  Command Job Number: 1
  Command Message Number: 1
  Command Message Type: INFO
  Command Message Level: INFO
    Command Message Time UTC: 2017-07-07 20:21:10.791476900 +0000 UTC
  Command Message Time Local: 2017-07-07 15:21:10.791476900 -0500 CDT
   Command Message Time Zone: America/Chicago
!!!!!!!!!!!!!!!!!!!!!!!!!!!!!!!!!!!!!!!!!!!!!!!!!!!!!!!!!!!!!!!!!!!!!!!!!!!!!!!!
  Command Message:
&&&&&&&&&&&&&&&&&&&&&&&&&&&&&&&&&&&&&&&&&&&&&&&&&&&&&&&&&&&&&&&&&&&&&&&&&&&&&&&&

    Completed Job: Copy1. No Errors!
&&&&&&&&&&&&&&&&&&&&&&&&&&&&&&&&&&&&&&&&&&&&&&&&&&&&&&&&&&&&&&&&&&&&&&&&&&&&&&&&

++++++++++++++++++++++++++++++++++++++++++++++++++++++++++++++++++++++++++++++++
                         End Of Job Execution Message
++++++++++++++++++++++++++++++++++++++++++++++++++++++++++++++++++++++++++++++++




================================================================================
================================================================================
!!!!!!!!!!!!!!!!!!!!!!!!!!!!!!!!!!!!!!!!!!!!!!!!!!!!!!!!!!!!!!!!!!!!!!!!!!!!!!!!
                        Completed Command Job Execution
                            Command Job Name: Copy1
                             Command Job Number: 1
!!!!!!!!!!!!!!!!!!!!!!!!!!!!!!!!!!!!!!!!!!!!!!!!!!!!!!!!!!!!!!!!!!!!!!!!!!!!!!!!
================================================================================

********************************************************************************
  Cmd Job Description: RoboCopy Dir 5 to Dir 6
********************************************************************************
--------------------------------------------------------------------------------
  Execution Command: cmd.exe
  Command Arguments: /c robocopy D:\T05 D:\T06 *.txt 
--------------------------------------------------------------------------------

********************************************************************************
********************************************************************************
                          Command Job Execution Times
  UTC Start\End Times:
--------------------------------------------------------------------------------
   Cmd Job Start Time UTC: 2017-07-07 20:21:05.789322700 +0000 UTC

     Cmd Job End Time UTC: 2017-07-07 20:21:10.792475900 +0000 UTC

--------------------------------------------------------------------------------

  Local Start\End Times:
--------------------------------------------------------------------------------
  Cmd Job Start Time Local: 2017-07-07 15:21:05.789322700 -0500 CDT

    Cmd Job End Time Local: 2017-07-07 15:21:10.792475900 -0500 CDT

   Cmd Job Local Time Zone: America/Chicago
--------------------------------------------------------------------------------

&&&&&&&&&&&&&&&&&&&&&&&&&&&&&&&&&&&&&&&&&&&&&&&&&&&&&&&&&&&&&&&&&&&&&&&&&&&&&&&&

  Cmd Job Execution Elapsed Time:
&&&&&&&&&&&&&&&&&&&&&&&&&&&&&&&&&&&&&&&&&&&&&&&&&&&&&&&&&&&&&&&&&&&&&&&&&&&&&&&&
    0-Hours 0-Minutes 5-Seconds 3-Milliseconds 153-Microseconds 200-Nanoseconds
&&&&&&&&&&&&&&&&&&&&&&&&&&&&&&&&&&&&&&&&&&&&&&&&&&&&&&&&&&&&&&&&&&&&&&&&&&&&&&&&


--------------------------------------------------------------------------------
  Number of Messages: 1
--------------------------------------------------------------------------------

================================================================================
                         End of Command Job Number: 1
================================================================================




================================================================================
================================================================================
                        Starting Command Job Execution
                            Command Job Name: Copy2
                             Command Job Number: 2
================================================================================

********************************************************************************
  Cmd Job Description: Copy Dir 6 to Dir 7
********************************************************************************
--------------------------------------------------------------------------------
  Cmd Type: Copy Dir 6 to Dir 7
  Execute Cmd In Directory: 
  Delay Cmd Start Seconds: 
  Delay Cmd Start Target Time: 
  Delay Cmd Time Out in Seconds: 360
--------------------------------------------------------------------------------

********************************************************************************
  Execution Command: cmd.exe
  Command Arguments: /c copy D:\T06\*.txt D:\T07\ 
********************************************************************************

                            Command Job Start Times
********************************************************************************
    Cmd Job Start Time UTC: 2017-07-07 20:21:10.792981700 +0000 UTC

  Cmd Job Start Time Local: 2017-07-07 15:21:10.792981700 -0500 CDT

   Cmd Job Local Time Zone: America/Chicago
********************************************************************************
================================================================================
================================================================================




++++++++++++++++++++++++++++++++++++++++++++++++++++++++++++++++++++++++++++++++
++++++++++++++++++++++++++++++++++++++++++++++++++++++++++++++++++++++++++++++++
                             Job Execution Message
!!!!!!!!!!!!!!!!!!!!!!!!!!!!!!!!!!!!!!!!!!!!!!!!!!!!!!!!!!!!!!!!!!!!!!!!!!!!!!!!
  Command Job Name: Copy2
  Command Job Number: 2
  Command Message Number: 1
  Command Message Type: INFO
  Command Message Level: INFO
    Command Message Time UTC: 2017-07-07 20:21:15.794609900 +0000 UTC
  Command Message Time Local: 2017-07-07 15:21:15.794609900 -0500 CDT
   Command Message Time Zone: America/Chicago
!!!!!!!!!!!!!!!!!!!!!!!!!!!!!!!!!!!!!!!!!!!!!!!!!!!!!!!!!!!!!!!!!!!!!!!!!!!!!!!!
  Command Message:
&&&&&&&&&&&&&&&&&&&&&&&&&&&&&&&&&&&&&&&&&&&&&&&&&&&&&&&&&&&&&&&&&&&&&&&&&&&&&&&&

    Completed Job: Copy2. No Errors!
&&&&&&&&&&&&&&&&&&&&&&&&&&&&&&&&&&&&&&&&&&&&&&&&&&&&&&&&&&&&&&&&&&&&&&&&&&&&&&&&

++++++++++++++++++++++++++++++++++++++++++++++++++++++++++++++++++++++++++++++++
                         End Of Job Execution Message
++++++++++++++++++++++++++++++++++++++++++++++++++++++++++++++++++++++++++++++++




================================================================================
================================================================================
!!!!!!!!!!!!!!!!!!!!!!!!!!!!!!!!!!!!!!!!!!!!!!!!!!!!!!!!!!!!!!!!!!!!!!!!!!!!!!!!
                        Completed Command Job Execution
                            Command Job Name: Copy2
                             Command Job Number: 2
!!!!!!!!!!!!!!!!!!!!!!!!!!!!!!!!!!!!!!!!!!!!!!!!!!!!!!!!!!!!!!!!!!!!!!!!!!!!!!!!
================================================================================

********************************************************************************
  Cmd Job Description: Copy Dir 6 to Dir 7
********************************************************************************
--------------------------------------------------------------------------------
  Execution Command: cmd.exe
  Command Arguments: /c copy D:\T06\*.txt D:\T07\ 
--------------------------------------------------------------------------------

********************************************************************************
********************************************************************************
                          Command Job Execution Times
  UTC Start\End Times:
--------------------------------------------------------------------------------
   Cmd Job Start Time UTC: 2017-07-07 20:21:10.792981700 +0000 UTC

     Cmd Job End Time UTC: 2017-07-07 20:21:15.795626600 +0000 UTC

--------------------------------------------------------------------------------

  Local Start\End Times:
--------------------------------------------------------------------------------
  Cmd Job Start Time Local: 2017-07-07 15:21:10.792981700 -0500 CDT

    Cmd Job End Time Local: 2017-07-07 15:21:15.795626600 -0500 CDT

   Cmd Job Local Time Zone: America/Chicago
--------------------------------------------------------------------------------

&&&&&&&&&&&&&&&&&&&&&&&&&&&&&&&&&&&&&&&&&&&&&&&&&&&&&&&&&&&&&&&&&&&&&&&&&&&&&&&&

  Cmd Job Execution Elapsed Time:
&&&&&&&&&&&&&&&&&&&&&&&&&&&&&&&&&&&&&&&&&&&&&&&&&&&&&&&&&&&&&&&&&&&&&&&&&&&&&&&&
    0-Hours 0-Minutes 5-Seconds 2-Milliseconds 644-Microseconds 900-Nanoseconds
&&&&&&&&&&&&&&&&&&&&&&&&&&&&&&&&&&&&&&&&&&&&&&&&&&&&&&&&&&&&&&&&&&&&&&&&&&&&&&&&


--------------------------------------------------------------------------------
  Number of Messages: 1
--------------------------------------------------------------------------------

================================================================================
                         End of Command Job Number: 2
================================================================================




################################################################################
################################################################################
                         Completed Job Group Execution
================================================================================
                      App Name: cmdrX  AppVersion: 2.0.0 
================================================================================
               Execution Job Group Command File: cmdrXCmds.xml 
********************************************************************************
    Number of Jobs Executed: 2 
  Number of Messages Logged: 2 
********************************************************************************
--------------------------------------------------------------------------------

  Job Group Execution Times:
--------------------------------------------------------------------------------
  JobGroup   Start Time UTC: 2017-07-07 20:20:53.632103300 
  JobGroup     End Time UTC: 2017-07-07 20:21:05.788340500 
--------------------------------------------------------------------------------
  JobGroup Start Time Local: 2017-07-07 15:20:53.632103300 
  JobGroup   End Time Local: 2017-07-07 15:21:05.788340500 
--------------------------------------------------------------------------------
  JobGroup  Local Time Zone: America/Chicago 
--------------------------------------------------------------------------------

********************************************************************************
  JobGroup Elapsed Time:
--------------------------------------------------------------------------------
  0-Hours 0-Minutes 12-Seconds 156-Milliseconds 237-Microseconds 200-Nanoseconds
--------------------------------------------------------------------------------
********************************************************************************

################################################################################
################################################################################
