################################################################################
********************************************************************************
                      App Name: cmdrX  AppVersion: 2.0.0 
################################################################################
                 Execution Job Group Command File: cmdrX.xml 
                        Starting Execution of 37 Jobs. 
================================================================================
  Job Execution Start Time UTC: Monday July 3, 2017 22:00:18.423111300 +0000 UTC 
Job Execution Start Time Local: Monday July 3, 2017 17:00:16.123538800 -0500 CDT 
 Job Execution Local Time Zone: Local 
================================================================================

********************************************************************************

  Initial Application Path: 
    D:\go\work\src\MikeAustin71\logopsgo\common
********************************************************************************

  This Log File:
    D:\go\work\src\MikeAustin71\logopsgo\app\cmdrX\cmdrX_20170703170016.log
********************************************************************************

  Base Start Directory:
    D:\go\work\src\MikeAustin71\logopsgo\app
********************************************************************************

================================================================================
  Number Of Old Log Files Deleted: 0 
################################################################################
################################################################################


################################################################################
################################################################################
                         Completed Job Group Execution
================================================================================
                      App Name: cmdrX  AppVersion: 2.0.0 
================================================================================
                 Execution Job Group Command File: cmdrX.xml 
********************************************************************************
    Number of Jobs Executed: 0 
  Number of Messages Logged: 0 
********************************************************************************
--------------------------------------------------------------------------------
  JobGroup   Start Time UTC: 2017-07-03 22:00:18.423111300 
  JobGroup     End Time UTC: 2017-07-03 22:00:28.429491600 
--------------------------------------------------------------------------------
  JobGroup Start Time Local: 2017-07-03 17:00:16.123538800 
  JobGroup   End Time Local: 2017-07-03 17:00:28.429491600 
--------------------------------------------------------------------------------
********************************************************************************
  JobGroup Elapsed Time:
--------------------------------------------------------------------------------
    0-Hours 0-Minutes 10-Seconds 6-Milliseconds 380-Microseconds 300-Nanoseconds
--------------------------------------------------------------------------------
********************************************************************************

################################################################################
################################################################################
