################################################################################
********************************************************************************
                      App Name: cmdrX  AppVersion: 2.0.0 
################################################################################
                 Execution Job Group Command File: cmdrX.xml 
                        Starting Execution of 37 Jobs. 
================================================================================
  Job Execution Start Time UTC: Monday July 3, 2017 22:18:36.685107800 +0000 UTC 
Job Execution Start Time Local: Monday July 3, 2017 17:18:36.685107800 -0500 CDT 
 Job Execution Local Time Zone: Local 
================================================================================

********************************************************************************

  Initial Application Path: 
    D:\go\work\src\MikeAustin71\logopsgo\common
********************************************************************************

  This Log File:
    D:\go\work\src\MikeAustin71\logopsgo\app\cmdrX\cmdrX_20170703171836.log
********************************************************************************

  Base Start Directory:
    D:\go\work\src\MikeAustin71\logopsgo\app
********************************************************************************

================================================================================
  Number Of Old Log Files Deleted: 0 
################################################################################
################################################################################


################################################################################
################################################################################
                         Completed Job Group Execution
================================================================================
                      App Name: cmdrX  AppVersion: 2.0.0 
================================================================================
                 Execution Job Group Command File: cmdrX.xml 
********************************************************************************
    Number of Jobs Executed: 0 
  Number of Messages Logged: 0 
********************************************************************************
--------------------------------------------------------------------------------
  JobGroup   Start Time UTC: 2017-07-03 22:18:36.685107800 
  JobGroup     End Time UTC: 2017-07-03 22:18:49.084882200 
--------------------------------------------------------------------------------
  JobGroup Start Time Local: 2017-07-03 17:18:36.685107800 
  JobGroup   End Time Local: 2017-07-03 17:18:49.084882200 
--------------------------------------------------------------------------------
********************************************************************************
  JobGroup Elapsed Time:
--------------------------------------------------------------------------------
  0-Hours 0-Minutes 12-Seconds 399-Milliseconds 774-Microseconds 400-Nanoseconds
--------------------------------------------------------------------------------
********************************************************************************

################################################################################
################################################################################
