################################################################################
################################################################################
                      App Name: cmdrX  AppVersion: 2.0.0 
################################################################################
               Execution Job Group Command File: cmdrXCmds.xml 
                        Starting Execution of 0 Jobs. 
================================================================================
  Job Group Start Time UTC: 2018-02-03 Sat 04:31:02.188146700 +0000 UTC 
Job Group Start Time Local: 2018-02-02 Fri 22:31:02.188146700 -0600 CST 
 Job Group Local Time Zone: America/Chicago - CST 
********************************************************************************
  This Application Executable File:
    D:\go\work\src\MikeAustin71\logopsgo\app\cmdrX.exe

  This Log File:
    D:\go\work\src\MikeAustin71\logopsgo\app\cmdrXLog\cmdrX_20180202223102.log

  Command File:
    D:\go\work\src\MikeAustin71\logopsgo\app\cmdrXCmds.xml

  Initial Application Path: 
    D:\go\work\src\MikeAustin71\logopsgo\app

  Base Start Directory:
    D:\go\work\src\MikeAustin71\logopsgo\app

********************************************************************************
  Number Of Old Log Files Deleted: 0 
################################################################################
################################################################################


================================================================================
================================================================================
                        Starting Command Job Execution
                            Command Job Name: Copy1
                             Command Job Number: 1
================================================================================
     Command Job Description: RoboCopy Dir 5 to Dir 6
--------------------------------------------------------------------------------
                 Command Type: RoboCopy Dir 5 to Dir 6
     Execute Cmd In Directory: Current CmdrX.exe Directory
      Delay Cmd Start Seconds: 
   Delay Cmd To Date Time: 
      Cmd Time Out in Seconds: 360
            Execution Command: cmd.exe
            Command Arguments: /c robocopy D:\T05 D:\T06 *.txt
              Input Arguments: NO INPUT ARGUMENTS PROVIDED
********************************************************************************
                            Command Job Start Times
********************************************************************************
       Cmd Job Start Time UTC: 2018-02-03 Sat 04:31:14.051815500 +0000 UTC
     Cmd Job Start Time Local: 2018-02-02 Fri 22:31:14.051815500 -0600 CST
      Cmd Job Local Time Zone: America/Chicago - CST
================================================================================
================================================================================
    


******************************************************************************
                Information Message                           Msg No: 10000001
******************************************************************************
 Message: Completed Job: Copy1. No Errors!
------------------------------------------------------------------------------
   Message Time UTC: 2018-02-03 Sat 04:31:19.062187800 +0000 UTC 
 Message Time Local: 2018-02-02 Fri 22:31:19.062187800 -0600 CST 
******************************************************************************    


******************************************************************************
                Information Message                           Msg No: 10000002
******************************************************************************
 Message: Completed Job: Copy1. No Errors!
------------------------------------------------------------------------------
   Message Time UTC: 2018-02-03 Sat 04:31:24.072246900 +0000 UTC 
 Message Time Local: 2018-02-02 Fri 22:31:24.072246900 -0600 CST 
******************************************************************************

================================================================================
================================================================================
                        Completed Command Job Execution
!!!!!!!!!!!!!!!!!!!!!!!!!!!!!!!!!!!!!!!!!!!!!!!!!!!!!!!!!!!!!!!!!!!!!!!!!!!!!!!!
                             Job Execution Results
                            Command Job Name: Copy1
                             Command Job Number: 1
!!!!!!!!!!!!!!!!!!!!!!!!!!!!!!!!!!!!!!!!!!!!!!!!!!!!!!!!!!!!!!!!!!!!!!!!!!!!!!!!
  Command Execution Status: Successful Completion
================================================================================
  Cmd Job Description: RoboCopy Dir 5 to Dir 6
    Execution Command: cmd.exe
            Command Arguments: /c robocopy D:\T05 D:\T06 *.txt
              Input Arguments: NO INPUT ARGUMENTS PROVIDED
--------------------------------------------------------------------------------
                          Command Job Execution Times
--------------------------------------------------------------------------------
  UTC Start\End Times:
--------------------------------------------------------------------------------
   Cmd Job Start Time UTC: 2018-02-03 Sat 04:31:14.051815500 +0000 UTC
     Cmd Job End Time UTC: 2018-02-03 Sat 04:31:24.072246900 +0000 UTC
--------------------------------------------------------------------------------
  Local Start\End Times:
--------------------------------------------------------------------------------
  Cmd Job Start Time Local: 2018-02-02 Fri 22:31:14.051815500 -0600 CST
    Cmd Job End Time Local: 2018-02-02 Fri 22:31:24.072246900 -0600 CST
   Cmd Job Local Time Zone: America/Chicago - CST
--------------------------------------------------------------------------------
  Cmd Job Execution Elapsed Time:
&&&&&&&&&&&&&&&&&&&&&&&&&&&&&&&&&&&&&&&&&&&&&&&&&&&&&&&&&&&&&&&&&&&&&&&&&&&&&&&&
    0-Hours 0-Minutes 10-Seconds 20-Milliseconds 431-Microseconds 400-Nanoseconds
&&&&&&&&&&&&&&&&&&&&&&&&&&&&&&&&&&&&&&&&&&&&&&&&&&&&&&&&&&&&&&&&&&&&&&&&&&&&&&&&

        Number of Messages: 2
  Number of Error Messages: 0
================================================================================
                         End of Command Job Number: 1
================================================================================




================================================================================
================================================================================
                        Starting Command Job Execution
                            Command Job Name: Copy2
                             Command Job Number: 2
================================================================================
     Command Job Description: Copy Dir 6 to Dir 7
--------------------------------------------------------------------------------
                 Command Type: Copy Dir 6 to Dir 7
     Execute Cmd In Directory: Current CmdrX.exe Directory
      Delay Cmd Start Seconds: 
   Delay Cmd To Date Time: 
      Cmd Time Out in Seconds: 360
            Execution Command: cmd.exe
            Command Arguments: /c copy D:\T06\*.txt D:\T07\
              Input Arguments: Input1 Input2 Input3
********************************************************************************
                            Command Job Start Times
********************************************************************************
       Cmd Job Start Time UTC: 2018-02-03 Sat 04:31:24.075249300 +0000 UTC
     Cmd Job Start Time Local: 2018-02-02 Fri 22:31:24.075249300 -0600 CST
      Cmd Job Local Time Zone: America/Chicago - CST
================================================================================
================================================================================
    


******************************************************************************
                Information Message                           Msg No: 20000001
******************************************************************************
 Message: Completed Job: Copy2. No Errors!
------------------------------------------------------------------------------
   Message Time UTC: 2018-02-03 Sat 04:31:29.098262500 +0000 UTC 
 Message Time Local: 2018-02-02 Fri 22:31:29.098262500 -0600 CST 
******************************************************************************    


******************************************************************************
                Information Message                           Msg No: 20000002
******************************************************************************
 Message: Completed Job: Copy2. No Errors!
------------------------------------------------------------------------------
   Message Time UTC: 2018-02-03 Sat 04:31:34.111631300 +0000 UTC 
 Message Time Local: 2018-02-02 Fri 22:31:34.111631300 -0600 CST 
******************************************************************************

================================================================================
================================================================================
                        Completed Command Job Execution
!!!!!!!!!!!!!!!!!!!!!!!!!!!!!!!!!!!!!!!!!!!!!!!!!!!!!!!!!!!!!!!!!!!!!!!!!!!!!!!!
                             Job Execution Results
                            Command Job Name: Copy2
                             Command Job Number: 2
!!!!!!!!!!!!!!!!!!!!!!!!!!!!!!!!!!!!!!!!!!!!!!!!!!!!!!!!!!!!!!!!!!!!!!!!!!!!!!!!
  Command Execution Status: Successful Completion
================================================================================
  Cmd Job Description: Copy Dir 6 to Dir 7
    Execution Command: cmd.exe
            Command Arguments: /c copy D:\T06\*.txt D:\T07\
              Input Arguments: Input1 Input2 Input3
--------------------------------------------------------------------------------
                          Command Job Execution Times
--------------------------------------------------------------------------------
  UTC Start\End Times:
--------------------------------------------------------------------------------
   Cmd Job Start Time UTC: 2018-02-03 Sat 04:31:24.075249300 +0000 UTC
     Cmd Job End Time UTC: 2018-02-03 Sat 04:31:34.112131100 +0000 UTC
--------------------------------------------------------------------------------
  Local Start\End Times:
--------------------------------------------------------------------------------
  Cmd Job Start Time Local: 2018-02-02 Fri 22:31:24.075249300 -0600 CST
    Cmd Job End Time Local: 2018-02-02 Fri 22:31:34.112131100 -0600 CST
   Cmd Job Local Time Zone: America/Chicago - CST
--------------------------------------------------------------------------------
  Cmd Job Execution Elapsed Time:
&&&&&&&&&&&&&&&&&&&&&&&&&&&&&&&&&&&&&&&&&&&&&&&&&&&&&&&&&&&&&&&&&&&&&&&&&&&&&&&&
    0-Hours 0-Minutes 10-Seconds 36-Milliseconds 881-Microseconds 800-Nanoseconds
&&&&&&&&&&&&&&&&&&&&&&&&&&&&&&&&&&&&&&&&&&&&&&&&&&&&&&&&&&&&&&&&&&&&&&&&&&&&&&&&

        Number of Messages: 2
  Number of Error Messages: 0
================================================================================
                         End of Command Job Number: 2
================================================================================




================================================================================
================================================================================
                        Starting Command Job Execution
                            Command Job Name: Copy3
                             Command Job Number: 3
================================================================================
     Command Job Description: Copy Dir 7 to Dir 8
--------------------------------------------------------------------------------
                 Command Type: Copy Dir 7 to Dir 8
     Execute Cmd In Directory: Current CmdrX.exe Directory
      Delay Cmd Start Seconds: 
   Delay Cmd To Date Time: 
      Cmd Time Out in Seconds: 360
            Execution Command: cmd.exe
--------------------------------------------------------------------------------
  Command Arguments:
--------------------------------------------------------------------------------
      /c
      copy
      D:\T07\*.txt
      D:\T08\
      Arg5XXXXXXXXXXXXXXX
      Arg6XXXXXXXXXXXXXXX
      Arg7XXXXXXXXXXXXXXX
      Arg8XXXXXXXXXXXXXXX
      Arg9XXXXXXXXXXXXXXX
      Arg10XXXXXXXXXXXXXXX
--------------------------------------------------------------------------------

  Input Arguments:
--------------------------------------------------------------------------------
      Input1XXXXXXXXXXXX
      Input2XXXXXXXXXXXX
      Input3XXXXXXXXXXXX
      Input4XXXXXXXXXXXX
      Input5XXXXXXXXXXXX
      Input6XXXXXXXXXXXX
      Input7XXXXXXXXXXXX
      Input8XXXXXXXXXXXX
      Input9XXXXXXXXXXXX
  
********************************************************************************
                            Command Job Start Times
********************************************************************************
       Cmd Job Start Time UTC: 2018-02-03 Sat 04:31:34.121611300 +0000 UTC
     Cmd Job Start Time Local: 2018-02-02 Fri 22:31:34.121611300 -0600 CST
      Cmd Job Local Time Zone: America/Chicago - CST
================================================================================
================================================================================
    


******************************************************************************
                Information Message                           Msg No: 30000001
******************************************************************************
 Message: Completed Job: Copy3. No Errors!
------------------------------------------------------------------------------
   Message Time UTC: 2018-02-03 Sat 04:31:39.145431700 +0000 UTC 
 Message Time Local: 2018-02-02 Fri 22:31:39.145431700 -0600 CST 
******************************************************************************    


******************************************************************************
                Information Message                           Msg No: 30000002
******************************************************************************
 Message: Completed Job: Copy3. No Errors!
------------------------------------------------------------------------------
   Message Time UTC: 2018-02-03 Sat 04:31:44.158795600 +0000 UTC 
 Message Time Local: 2018-02-02 Fri 22:31:44.158795600 -0600 CST 
******************************************************************************

================================================================================
================================================================================
                        Completed Command Job Execution
!!!!!!!!!!!!!!!!!!!!!!!!!!!!!!!!!!!!!!!!!!!!!!!!!!!!!!!!!!!!!!!!!!!!!!!!!!!!!!!!
                             Job Execution Results
                            Command Job Name: Copy3
                             Command Job Number: 3
!!!!!!!!!!!!!!!!!!!!!!!!!!!!!!!!!!!!!!!!!!!!!!!!!!!!!!!!!!!!!!!!!!!!!!!!!!!!!!!!
  Command Execution Status: Successful Completion
================================================================================
  Cmd Job Description: Copy Dir 7 to Dir 8
    Execution Command: cmd.exe
--------------------------------------------------------------------------------
  Command Arguments:
--------------------------------------------------------------------------------
      /c
      copy
      D:\T07\*.txt
      D:\T08\
      Arg5XXXXXXXXXXXXXXX
      Arg6XXXXXXXXXXXXXXX
      Arg7XXXXXXXXXXXXXXX
      Arg8XXXXXXXXXXXXXXX
      Arg9XXXXXXXXXXXXXXX
      Arg10XXXXXXXXXXXXXXX
--------------------------------------------------------------------------------

  Input Arguments:
--------------------------------------------------------------------------------
      Input1XXXXXXXXXXXX
      Input2XXXXXXXXXXXX
      Input3XXXXXXXXXXXX
      Input4XXXXXXXXXXXX
      Input5XXXXXXXXXXXX
      Input6XXXXXXXXXXXX
      Input7XXXXXXXXXXXX
      Input8XXXXXXXXXXXX
      Input9XXXXXXXXXXXX
  
--------------------------------------------------------------------------------
                          Command Job Execution Times
--------------------------------------------------------------------------------
  UTC Start\End Times:
--------------------------------------------------------------------------------
   Cmd Job Start Time UTC: 2018-02-03 Sat 04:31:34.121611300 +0000 UTC
     Cmd Job End Time UTC: 2018-02-03 Sat 04:31:44.159295100 +0000 UTC
--------------------------------------------------------------------------------
  Local Start\End Times:
--------------------------------------------------------------------------------
  Cmd Job Start Time Local: 2018-02-02 Fri 22:31:34.121611300 -0600 CST
    Cmd Job End Time Local: 2018-02-02 Fri 22:31:44.159295100 -0600 CST
   Cmd Job Local Time Zone: America/Chicago - CST
--------------------------------------------------------------------------------
  Cmd Job Execution Elapsed Time:
&&&&&&&&&&&&&&&&&&&&&&&&&&&&&&&&&&&&&&&&&&&&&&&&&&&&&&&&&&&&&&&&&&&&&&&&&&&&&&&&
    0-Hours 0-Minutes 10-Seconds 37-Milliseconds 683-Microseconds 800-Nanoseconds
&&&&&&&&&&&&&&&&&&&&&&&&&&&&&&&&&&&&&&&&&&&&&&&&&&&&&&&&&&&&&&&&&&&&&&&&&&&&&&&&

        Number of Messages: 2
  Number of Error Messages: 0
================================================================================
                         End of Command Job Number: 3
================================================================================




################################################################################
################################################################################
                         Completed Job Group Execution
================================================================================
                      App Name: cmdrX  AppVersion: 2.0.0 
================================================================================
               Execution Job Group Command File: cmdrXCmds.xml 
********************************************************************************
    Number of Jobs Executed: 3 
  Number of Messages Logged: 6 
********************************************************************************
  Job Group Execution Times:
--------------------------------------------------------------------------------
  JobGroup   Start Time UTC: 2018-02-03 Sat 04:31:02.188146700 +0000 UTC 
  JobGroup     End Time UTC: 2018-02-03 Sat 04:31:14.050906900 +0000 UTC 
--------------------------------------------------------------------------------
  JobGroup Start Time Local: 2018-02-02 Fri 22:31:02.188146700 -0600 CST 
  JobGroup   End Time Local: 2018-02-02 Fri 22:31:14.050906900 -0600 CST 
--------------------------------------------------------------------------------
  JobGroup  Local Time Zone: America/Chicago - CST
--------------------------------------------------------------------------------
  JobGroup Elapsed Time:
&&&&&&&&&&&&&&&&&&&&&&&&&&&&&&&&&&&&&&&&&&&&&&&&&&&&&&&&&&&&&&&&&&&&&&&&&&&&&&&&
  0-Hours 0-Minutes 11-Seconds 862-Milliseconds 760-Microseconds 200-Nanoseconds
&&&&&&&&&&&&&&&&&&&&&&&&&&&&&&&&&&&&&&&&&&&&&&&&&&&&&&&&&&&&&&&&&&&&&&&&&&&&&&&&


                          End of Job Group Execution
################################################################################
################################################################################
