################################################################################
################################################################################
                      App Name: cmdrX  AppVersion: 2.0.0 
################################################################################
               Execution Job Group Command File: cmdrXCmds.xml 
                        Starting Execution of 2 Jobs. 
================================================================================
  Job Group Start Time UTC: Tuesday December 5, 2017 06:18:18.055415500 +0000 UTC 
Job Group Start Time Local: Tuesday December 5, 2017 00:18:18.055415500 -0600 CST 
 Job Group Local Time Zone: Local 
================================================================================

********************************************************************************

  Initial Application Path: 
    D:\go\work\src\MikeAustin71\logopsgo\app
********************************************************************************

  This Log File:
    D:\go\work\src\MikeAustin71\logopsgo\app\cmdrX\cmdrX_20171205001818.log
********************************************************************************

  Base Start Directory:
    D:\go\work\src\MikeAustin71\logopsgo
********************************************************************************

================================================================================
  Number Of Old Log Files Deleted: 0 
################################################################################
################################################################################


================================================================================
================================================================================
                        Starting Command Job Execution
                            Command Job Name: Copy1
                             Command Job Number: 1
================================================================================

********************************************************************************
  Cmd Job Description: RoboCopy Dir 5 to Dir 6
********************************************************************************
--------------------------------------------------------------------------------
  Cmd Type: RoboCopy Dir 5 to Dir 6
  Execute Cmd In Directory: 
  Delay Cmd Start Seconds: 
  Delay Cmd Start Target Time: 
  Delay Cmd Time Out in Seconds: 360
--------------------------------------------------------------------------------

********************************************************************************
  Execution Command: cmd.exe
  Command Arguments: /c robocopy D:\T05 D:\T06 *.txt 
********************************************************************************

                            Command Job Start Times
********************************************************************************
    Cmd Job Start Time UTC: 2017-12-05 06:18:30.570081800 +0000 UTC
  Cmd Job Start Time Local: 2017-12-05 00:18:30.570081800 -0600 CST
   Cmd Job Local Time Zone: Local
********************************************************************************
================================================================================
================================================================================




++++++++++++++++++++++++++++++++++++++++++++++++++++++++++++++++++++++++++++++++
++++++++++++++++++++++++++++++++++++++++++++++++++++++++++++++++++++++++++++++++
                             Job Execution Message
!!!!!!!!!!!!!!!!!!!!!!!!!!!!!!!!!!!!!!!!!!!!!!!!!!!!!!!!!!!!!!!!!!!!!!!!!!!!!!!!
  Command Job Name: Copy1
  Command Job Number: 1
  Command Message Number: 1
  Command Message Type: INFO
  Command Message Level: INFO
    Command Message Time UTC: 2017-12-05 06:18:35.571428300 +0000 UTC
  Command Message Time Local: 2017-12-05 00:18:35.571428300 -0600 CST
   Command Message Time Zone: Local
!!!!!!!!!!!!!!!!!!!!!!!!!!!!!!!!!!!!!!!!!!!!!!!!!!!!!!!!!!!!!!!!!!!!!!!!!!!!!!!!
  Command Message:
&&&&&&&&&&&&&&&&&&&&&&&&&&&&&&&&&&&&&&&&&&&&&&&&&&&&&&&&&&&&&&&&&&&&&&&&&&&&&&&&

    Completed Job: Copy1. No Errors!
&&&&&&&&&&&&&&&&&&&&&&&&&&&&&&&&&&&&&&&&&&&&&&&&&&&&&&&&&&&&&&&&&&&&&&&&&&&&&&&&

++++++++++++++++++++++++++++++++++++++++++++++++++++++++++++++++++++++++++++++++
                    End Of Job Execution Message Number: 1
++++++++++++++++++++++++++++++++++++++++++++++++++++++++++++++++++++++++++++++++




================================================================================
================================================================================
!!!!!!!!!!!!!!!!!!!!!!!!!!!!!!!!!!!!!!!!!!!!!!!!!!!!!!!!!!!!!!!!!!!!!!!!!!!!!!!!
                        Completed Command Job Execution
                            Command Job Name: Copy1
                             Command Job Number: 1
!!!!!!!!!!!!!!!!!!!!!!!!!!!!!!!!!!!!!!!!!!!!!!!!!!!!!!!!!!!!!!!!!!!!!!!!!!!!!!!!
================================================================================

********************************************************************************
  Cmd Job Description: RoboCopy Dir 5 to Dir 6
********************************************************************************
--------------------------------------------------------------------------------
  Execution Command: cmd.exe
  Command Arguments: /c robocopy D:\T05 D:\T06 *.txt 
--------------------------------------------------------------------------------

********************************************************************************
********************************************************************************
                          Command Job Execution Times
  UTC Start\End Times:
--------------------------------------------------------------------------------
   Cmd Job Start Time UTC: 2017-12-05 06:18:30.570081800 +0000 UTC
     Cmd Job End Time UTC: 2017-12-05 06:18:35.571428300 +0000 UTC
--------------------------------------------------------------------------------

  Local Start\End Times:
--------------------------------------------------------------------------------
  Cmd Job Start Time Local: 2017-12-05 00:18:30.570081800 -0600 CST
    Cmd Job End Time Local: 2017-12-05 00:18:35.571428300 -0600 CST
   Cmd Job Local Time Zone: Local
--------------------------------------------------------------------------------

&&&&&&&&&&&&&&&&&&&&&&&&&&&&&&&&&&&&&&&&&&&&&&&&&&&&&&&&&&&&&&&&&&&&&&&&&&&&&&&&

  Cmd Job Execution Elapsed Time:
&&&&&&&&&&&&&&&&&&&&&&&&&&&&&&&&&&&&&&&&&&&&&&&&&&&&&&&&&&&&&&&&&&&&&&&&&&&&&&&&
    0-Hours 0-Minutes 5-Seconds 1-Milliseconds 346-Microseconds 500-Nanoseconds
&&&&&&&&&&&&&&&&&&&&&&&&&&&&&&&&&&&&&&&&&&&&&&&&&&&&&&&&&&&&&&&&&&&&&&&&&&&&&&&&


--------------------------------------------------------------------------------
  Number of Messages: 1
--------------------------------------------------------------------------------

================================================================================
                         End of Command Job Number: 1
================================================================================




================================================================================
================================================================================
                        Starting Command Job Execution
                            Command Job Name: Copy2
                             Command Job Number: 2
================================================================================

********************************************************************************
  Cmd Job Description: Copy Dir 6 to Dir 7
********************************************************************************
--------------------------------------------------------------------------------
  Cmd Type: Copy Dir 6 to Dir 7
  Execute Cmd In Directory: 
  Delay Cmd Start Seconds: 
  Delay Cmd Start Target Time: 
  Delay Cmd Time Out in Seconds: 360
--------------------------------------------------------------------------------

********************************************************************************
  Execution Command: cmd.exe
  Command Arguments: /c copy D:\T06\*.txt D:\T07\ 
********************************************************************************

                            Command Job Start Times
********************************************************************************
    Cmd Job Start Time UTC: 2017-12-05 06:18:35.573464200 +0000 UTC
  Cmd Job Start Time Local: 2017-12-05 00:18:35.573464200 -0600 CST
   Cmd Job Local Time Zone: Local
********************************************************************************
================================================================================
================================================================================




++++++++++++++++++++++++++++++++++++++++++++++++++++++++++++++++++++++++++++++++
++++++++++++++++++++++++++++++++++++++++++++++++++++++++++++++++++++++++++++++++
                             Job Execution Message
!!!!!!!!!!!!!!!!!!!!!!!!!!!!!!!!!!!!!!!!!!!!!!!!!!!!!!!!!!!!!!!!!!!!!!!!!!!!!!!!
  Command Job Name: Copy2
  Command Job Number: 2
  Command Message Number: 1
  Command Message Type: INFO
  Command Message Level: INFO
    Command Message Time UTC: 2017-12-05 06:18:40.574590100 +0000 UTC
  Command Message Time Local: 2017-12-05 00:18:40.574590100 -0600 CST
   Command Message Time Zone: Local
!!!!!!!!!!!!!!!!!!!!!!!!!!!!!!!!!!!!!!!!!!!!!!!!!!!!!!!!!!!!!!!!!!!!!!!!!!!!!!!!
  Command Message:
&&&&&&&&&&&&&&&&&&&&&&&&&&&&&&&&&&&&&&&&&&&&&&&&&&&&&&&&&&&&&&&&&&&&&&&&&&&&&&&&

    Completed Job: Copy2. No Errors!
&&&&&&&&&&&&&&&&&&&&&&&&&&&&&&&&&&&&&&&&&&&&&&&&&&&&&&&&&&&&&&&&&&&&&&&&&&&&&&&&

++++++++++++++++++++++++++++++++++++++++++++++++++++++++++++++++++++++++++++++++
                    End Of Job Execution Message Number: 1
++++++++++++++++++++++++++++++++++++++++++++++++++++++++++++++++++++++++++++++++




================================================================================
================================================================================
!!!!!!!!!!!!!!!!!!!!!!!!!!!!!!!!!!!!!!!!!!!!!!!!!!!!!!!!!!!!!!!!!!!!!!!!!!!!!!!!
                        Completed Command Job Execution
                            Command Job Name: Copy2
                             Command Job Number: 2
!!!!!!!!!!!!!!!!!!!!!!!!!!!!!!!!!!!!!!!!!!!!!!!!!!!!!!!!!!!!!!!!!!!!!!!!!!!!!!!!
================================================================================

********************************************************************************
  Cmd Job Description: Copy Dir 6 to Dir 7
********************************************************************************
--------------------------------------------------------------------------------
  Execution Command: cmd.exe
  Command Arguments: /c copy D:\T06\*.txt D:\T07\ 
--------------------------------------------------------------------------------

********************************************************************************
********************************************************************************
                          Command Job Execution Times
  UTC Start\End Times:
--------------------------------------------------------------------------------
   Cmd Job Start Time UTC: 2017-12-05 06:18:35.573464200 +0000 UTC
     Cmd Job End Time UTC: 2017-12-05 06:18:40.574847300 +0000 UTC
--------------------------------------------------------------------------------

  Local Start\End Times:
--------------------------------------------------------------------------------
  Cmd Job Start Time Local: 2017-12-05 00:18:35.573464200 -0600 CST
    Cmd Job End Time Local: 2017-12-05 00:18:40.574847300 -0600 CST
   Cmd Job Local Time Zone: Local
--------------------------------------------------------------------------------

&&&&&&&&&&&&&&&&&&&&&&&&&&&&&&&&&&&&&&&&&&&&&&&&&&&&&&&&&&&&&&&&&&&&&&&&&&&&&&&&

  Cmd Job Execution Elapsed Time:
&&&&&&&&&&&&&&&&&&&&&&&&&&&&&&&&&&&&&&&&&&&&&&&&&&&&&&&&&&&&&&&&&&&&&&&&&&&&&&&&
    0-Hours 0-Minutes 5-Seconds 1-Milliseconds 383-Microseconds 100-Nanoseconds
&&&&&&&&&&&&&&&&&&&&&&&&&&&&&&&&&&&&&&&&&&&&&&&&&&&&&&&&&&&&&&&&&&&&&&&&&&&&&&&&


--------------------------------------------------------------------------------
  Number of Messages: 1
--------------------------------------------------------------------------------

================================================================================
                         End of Command Job Number: 2
================================================================================




################################################################################
################################################################################
                         Completed Job Group Execution
================================================================================
                      App Name: cmdrX  AppVersion: 2.0.0 
================================================================================
               Execution Job Group Command File: cmdrXCmds.xml 
********************************************************************************
    Number of Jobs Executed: 2 
  Number of Messages Logged: 2 
********************************************************************************
--------------------------------------------------------------------------------

  Job Group Execution Times:
--------------------------------------------------------------------------------
  JobGroup   Start Time UTC: Tuesday December 5, 2017 06:18:18.055415500 +0000 UTC 
  JobGroup     End Time UTC: Tuesday December 5, 2017 06:18:30.570081800 +0000 UTC 
--------------------------------------------------------------------------------
  JobGroup Start Time Local: Tuesday December 5, 2017 00:18:18.055415500 -0600 CST 
  JobGroup   End Time Local: Tuesday December 5, 2017 00:18:30.570081800 -0600 CST 
--------------------------------------------------------------------------------
  JobGroup  Local Time Zone: Local 
--------------------------------------------------------------------------------

********************************************************************************
  JobGroup Elapsed Time:
--------------------------------------------------------------------------------
  0-Hours 0-Minutes 12-Seconds 514-Milliseconds 666-Microseconds 300-Nanoseconds
--------------------------------------------------------------------------------
********************************************************************************

################################################################################
                          End of Job Group Execution
################################################################################
