################################################################################
################################################################################
                      App Name: cmdrX  AppVersion: 2.0.0 
################################################################################
               Execution Job Group Command File: cmdrXCmds.xml 
                        Starting Execution of 2 Jobs. 
================================================================================
  Job Group Start Time UTC: 2017-12-19 Tue 05:29:31.187491500 +0000 UTC 
Job Group Start Time Local: 2017-12-18 Mon 23:29:31.187491500 -0600 CST 
 Job Group Local Time Zone: America/Chicago - CST 
================================================================================

********************************************************************************

  Initial Application Path: 
    D:\go\work\src\MikeAustin71\logopsgo\app
********************************************************************************

  This Log File:
    D:\go\work\src\MikeAustin71\logopsgo\app\cmdrX\cmdrX_20171218232931.log
********************************************************************************

  Base Start Directory:
    D:\go\work\src\MikeAustin71\logopsgo\app
********************************************************************************

================================================================================
  Number Of Old Log Files Deleted: 0 
################################################################################
################################################################################


================================================================================
================================================================================
                        Starting Command Job Execution
                            Command Job Name: Copy1
                             Command Job Number: 1
================================================================================
      Command Job Description: RoboCopy Dir 5 to Dir 6
--------------------------------------------------------------------------------
                  Command Type: RoboCopy Dir 5 to Dir 6
      Execute Cmd In Directory: 
       Delay Cmd Start Seconds: 
   Delay Cmd Start Target Time: 
       Cmd Time Out in Seconds: 360
             Execution Command: cmd.exe
             Command Arguments: /c robocopy D:\T05 D:\T06 *.txt 
********************************************************************************
                            Command Job Start Times
********************************************************************************
    Cmd Job Start Time UTC: 2017-12-19 Tue 05:29:43.056929700 +0000 UTC
  Cmd Job Start Time Local: 2017-12-18 Mon 23:29:43.056929700 -0600 CST
   Cmd Job Local Time Zone: America/Chicago - CST
================================================================================
================================================================================
    


******************************************************************************
                Information Message                           Msg No: 10000001
******************************************************************************
 Message: Completed Job: Copy1. No Errors!
------------------------------------------------------------------------------
   Message Time UTC: 2017-12-19 Tue 05:29:48.066876400 +0000 UTC 
 Message Time Local: 2017-12-18 Mon 23:29:48.066876400 -0600 CST 
******************************************************************************

================================================================================
================================================================================
!!!!!!!!!!!!!!!!!!!!!!!!!!!!!!!!!!!!!!!!!!!!!!!!!!!!!!!!!!!!!!!!!!!!!!!!!!!!!!!!
                        Completed Command Job Execution
                            Command Job Name: Copy1
                             Command Job Number: 1
!!!!!!!!!!!!!!!!!!!!!!!!!!!!!!!!!!!!!!!!!!!!!!!!!!!!!!!!!!!!!!!!!!!!!!!!!!!!!!!!
================================================================================

********************************************************************************
  Cmd Job Description: RoboCopy Dir 5 to Dir 6
********************************************************************************
--------------------------------------------------------------------------------
  Execution Command: cmd.exe
  Command Arguments: /c robocopy D:\T05 D:\T06 *.txt 
--------------------------------------------------------------------------------

********************************************************************************
********************************************************************************
                          Command Job Execution Times
  UTC Start\End Times:
--------------------------------------------------------------------------------
   Cmd Job Start Time UTC: 2017-12-19 Tue 05:29:43.056929700 +0000 UTC
     Cmd Job End Time UTC: 2017-12-19 Tue 05:29:48.066876400 +0000 UTC
--------------------------------------------------------------------------------

  Local Start\End Times:
--------------------------------------------------------------------------------
  Cmd Job Start Time Local: 2017-12-18 Mon 23:29:43.056929700 -0600 CST
    Cmd Job End Time Local: 2017-12-18 Mon 23:29:48.066876400 -0600 CST
   Cmd Job Local Time Zone: America/Chicago - CST
--------------------------------------------------------------------------------

&&&&&&&&&&&&&&&&&&&&&&&&&&&&&&&&&&&&&&&&&&&&&&&&&&&&&&&&&&&&&&&&&&&&&&&&&&&&&&&&

  Cmd Job Execution Elapsed Time:
&&&&&&&&&&&&&&&&&&&&&&&&&&&&&&&&&&&&&&&&&&&&&&&&&&&&&&&&&&&&&&&&&&&&&&&&&&&&&&&&
    0-Hours 0-Minutes 5-Seconds 9-Milliseconds 946-Microseconds 700-Nanoseconds
&&&&&&&&&&&&&&&&&&&&&&&&&&&&&&&&&&&&&&&&&&&&&&&&&&&&&&&&&&&&&&&&&&&&&&&&&&&&&&&&


--------------------------------------------------------------------------------
  Number of Messages: 1
--------------------------------------------------------------------------------

================================================================================
                         End of Command Job Number: 1
================================================================================




================================================================================
================================================================================
                        Starting Command Job Execution
                            Command Job Name: Copy2
                             Command Job Number: 2
================================================================================
      Command Job Description: Copy Dir 6 to Dir 7
--------------------------------------------------------------------------------
                  Command Type: Copy Dir 6 to Dir 7
      Execute Cmd In Directory: 
       Delay Cmd Start Seconds: 
   Delay Cmd Start Target Time: 
       Cmd Time Out in Seconds: 360
             Execution Command: cmd.exe
             Command Arguments: /c copy D:\T06\*.txt D:\T07\ 
********************************************************************************
                            Command Job Start Times
********************************************************************************
    Cmd Job Start Time UTC: 2017-12-19 Tue 05:29:48.070870100 +0000 UTC
  Cmd Job Start Time Local: 2017-12-18 Mon 23:29:48.070870100 -0600 CST
   Cmd Job Local Time Zone: America/Chicago - CST
================================================================================
================================================================================
    


******************************************************************************
                Information Message                           Msg No: 20000001
******************************************************************************
 Message: Completed Job: Copy2. No Errors!
------------------------------------------------------------------------------
   Message Time UTC: 2017-12-19 Tue 05:29:53.077730200 +0000 UTC 
 Message Time Local: 2017-12-18 Mon 23:29:53.077730200 -0600 CST 
******************************************************************************

================================================================================
================================================================================
!!!!!!!!!!!!!!!!!!!!!!!!!!!!!!!!!!!!!!!!!!!!!!!!!!!!!!!!!!!!!!!!!!!!!!!!!!!!!!!!
                        Completed Command Job Execution
                            Command Job Name: Copy2
                             Command Job Number: 2
!!!!!!!!!!!!!!!!!!!!!!!!!!!!!!!!!!!!!!!!!!!!!!!!!!!!!!!!!!!!!!!!!!!!!!!!!!!!!!!!
================================================================================

********************************************************************************
  Cmd Job Description: Copy Dir 6 to Dir 7
********************************************************************************
--------------------------------------------------------------------------------
  Execution Command: cmd.exe
  Command Arguments: /c copy D:\T06\*.txt D:\T07\ 
--------------------------------------------------------------------------------

********************************************************************************
********************************************************************************
                          Command Job Execution Times
  UTC Start\End Times:
--------------------------------------------------------------------------------
   Cmd Job Start Time UTC: 2017-12-19 Tue 05:29:48.070870100 +0000 UTC
     Cmd Job End Time UTC: 2017-12-19 Tue 05:29:53.077730200 +0000 UTC
--------------------------------------------------------------------------------

  Local Start\End Times:
--------------------------------------------------------------------------------
  Cmd Job Start Time Local: 2017-12-18 Mon 23:29:48.070870100 -0600 CST
    Cmd Job End Time Local: 2017-12-18 Mon 23:29:53.077730200 -0600 CST
   Cmd Job Local Time Zone: America/Chicago - CST
--------------------------------------------------------------------------------

&&&&&&&&&&&&&&&&&&&&&&&&&&&&&&&&&&&&&&&&&&&&&&&&&&&&&&&&&&&&&&&&&&&&&&&&&&&&&&&&

  Cmd Job Execution Elapsed Time:
&&&&&&&&&&&&&&&&&&&&&&&&&&&&&&&&&&&&&&&&&&&&&&&&&&&&&&&&&&&&&&&&&&&&&&&&&&&&&&&&
    0-Hours 0-Minutes 5-Seconds 6-Milliseconds 860-Microseconds 100-Nanoseconds
&&&&&&&&&&&&&&&&&&&&&&&&&&&&&&&&&&&&&&&&&&&&&&&&&&&&&&&&&&&&&&&&&&&&&&&&&&&&&&&&


--------------------------------------------------------------------------------
  Number of Messages: 1
--------------------------------------------------------------------------------

================================================================================
                         End of Command Job Number: 2
================================================================================




################################################################################
################################################################################
                         Completed Job Group Execution
================================================================================
                      App Name: cmdrX  AppVersion: 2.0.0 
================================================================================
               Execution Job Group Command File: cmdrXCmds.xml 
********************************************************************************
    Number of Jobs Executed: 2 
  Number of Messages Logged: 2 
********************************************************************************
--------------------------------------------------------------------------------

  Job Group Execution Times:
--------------------------------------------------------------------------------
  JobGroup   Start Time UTC: 2017-12-19 Tue 05:29:31.187491500 +0000 UTC 
  JobGroup     End Time UTC: 2017-12-19 Tue 05:29:43.054922600 +0000 UTC 
--------------------------------------------------------------------------------
  JobGroup Start Time Local: 2017-12-18 Mon 23:29:31.187491500 -0600 CST 
  JobGroup   End Time Local: 2017-12-18 Mon 23:29:43.054922600 -0600 CST 
--------------------------------------------------------------------------------
  JobGroup  Local Time Zone: America/Chicago - CST
--------------------------------------------------------------------------------

********************************************************************************
  JobGroup Elapsed Time:
--------------------------------------------------------------------------------
  0-Hours 0-Minutes 11-Seconds 867-Milliseconds 431-Microseconds 100-Nanoseconds
--------------------------------------------------------------------------------
********************************************************************************

################################################################################
                          End of Job Group Execution
################################################################################
