################################################################################
################################################################################
                      App Name: cmdrX  AppVersion: 2.0.0 
################################################################################
               Execution Job Group Command File: cmdrXCmds.xml 
                        Starting Execution of 3 Jobs. 
================================================================================
  Job Group Start Time UTC: 2017-12-22 Fri 01:06:16.473096600 +0000 UTC 
Job Group Start Time Local: 2017-12-21 Thu 19:06:16.473096600 -0600 CST 
 Job Group Local Time Zone: America/Chicago - CST 
********************************************************************************
  Initial Application Path: 
    D:\go\work\src\MikeAustin71\logopsgo\app

  This Log File:
    D:\go\work\src\MikeAustin71\logopsgo\app\cmdrX\cmdrX_20171221190616.log

  Base Start Directory:
    D:\go\work\src\MikeAustin71\logopsgo\app
********************************************************************************
  Number Of Old Log Files Deleted: 0 
################################################################################
################################################################################


================================================================================
================================================================================
                        Starting Command Job Execution
                            Command Job Name: Copy1
                             Command Job Number: 1
================================================================================
     Command Job Description: RoboCopy Dir 5 to Dir 6
--------------------------------------------------------------------------------
                 Command Type: RoboCopy Dir 5 to Dir 6
     Execute Cmd In Directory: 
      Delay Cmd Start Seconds: 
  Delay Cmd Start Target Time: 
      Cmd Time Out in Seconds: 360
            Execution Command: cmd.exe
            Command Arguments: /c robocopy D:\T05 D:\T06 *.txt
              Input Arguments: NO INPUT ARGUMENTS PROVIDED
********************************************************************************
                            Command Job Start Times
********************************************************************************
       Cmd Job Start Time UTC: 2017-12-22 Fri 01:06:28.408289500 +0000 UTC
     Cmd Job Start Time Local: 2017-12-21 Thu 19:06:28.408289500 -0600 CST
      Cmd Job Local Time Zone: America/Chicago - CST
================================================================================
================================================================================
    


******************************************************************************
                Information Message                           Msg No: 10000001
******************************************************************************
 Message: Completed Job: Copy1. No Errors!
------------------------------------------------------------------------------
   Message Time UTC: 2017-12-22 Fri 01:06:33.428660400 +0000 UTC 
 Message Time Local: 2017-12-21 Thu 19:06:33.428660400 -0600 CST 
******************************************************************************    


******************************************************************************
                Information Message                           Msg No: 10000002
******************************************************************************
 Message: Completed Job: Copy1. No Errors!
------------------------------------------------------------------------------
   Message Time UTC: 2017-12-22 Fri 01:06:38.440622500 +0000 UTC 
 Message Time Local: 2017-12-21 Thu 19:06:38.440622500 -0600 CST 
******************************************************************************

================================================================================
================================================================================
                        Completed Command Job Execution
!!!!!!!!!!!!!!!!!!!!!!!!!!!!!!!!!!!!!!!!!!!!!!!!!!!!!!!!!!!!!!!!!!!!!!!!!!!!!!!!
                             Job Execution Results
                            Command Job Name: Copy1
                             Command Job Number: 1
!!!!!!!!!!!!!!!!!!!!!!!!!!!!!!!!!!!!!!!!!!!!!!!!!!!!!!!!!!!!!!!!!!!!!!!!!!!!!!!!
================================================================================
  Cmd Job Description: RoboCopy Dir 5 to Dir 6
    Execution Command: cmd.exe
            Command Arguments: /c robocopy D:\T05 D:\T06 *.txt
              Input Arguments: NO INPUT ARGUMENTS PROVIDED
--------------------------------------------------------------------------------
                          Command Job Execution Times
--------------------------------------------------------------------------------
  UTC Start\End Times:
--------------------------------------------------------------------------------
   Cmd Job Start Time UTC: 2017-12-22 Fri 01:06:28.408289500 +0000 UTC
     Cmd Job End Time UTC: 2017-12-22 Fri 01:06:38.440622500 +0000 UTC
--------------------------------------------------------------------------------
  Local Start\End Times:
--------------------------------------------------------------------------------
  Cmd Job Start Time Local: 2017-12-21 Thu 19:06:28.408289500 -0600 CST
    Cmd Job End Time Local: 2017-12-21 Thu 19:06:38.440622500 -0600 CST
   Cmd Job Local Time Zone: America/Chicago - CST
--------------------------------------------------------------------------------
  Cmd Job Execution Elapsed Time:
&&&&&&&&&&&&&&&&&&&&&&&&&&&&&&&&&&&&&&&&&&&&&&&&&&&&&&&&&&&&&&&&&&&&&&&&&&&&&&&&
    0-Hours 0-Minutes 10-Seconds 32-Milliseconds 333-Microseconds 0-Nanoseconds
&&&&&&&&&&&&&&&&&&&&&&&&&&&&&&&&&&&&&&&&&&&&&&&&&&&&&&&&&&&&&&&&&&&&&&&&&&&&&&&&

  Number of Messages: 2
================================================================================
                         End of Command Job Number: 1
================================================================================




================================================================================
================================================================================
                        Starting Command Job Execution
                            Command Job Name: Copy2
                             Command Job Number: 2
================================================================================
     Command Job Description: Copy Dir 6 to Dir 7
--------------------------------------------------------------------------------
                 Command Type: Copy Dir 6 to Dir 7
     Execute Cmd In Directory: 
      Delay Cmd Start Seconds: 
  Delay Cmd Start Target Time: 
      Cmd Time Out in Seconds: 360
            Execution Command: cmd.exe
            Command Arguments: /c copy D:\T06\*.txt D:\T07\
              Input Arguments: Input1 Input2 Input3
********************************************************************************
                            Command Job Start Times
********************************************************************************
       Cmd Job Start Time UTC: 2017-12-22 Fri 01:06:38.442624200 +0000 UTC
     Cmd Job Start Time Local: 2017-12-21 Thu 19:06:38.442624200 -0600 CST
      Cmd Job Local Time Zone: America/Chicago - CST
================================================================================
================================================================================
    


******************************************************************************
                Information Message                           Msg No: 20000001
******************************************************************************
 Message: Completed Job: Copy2. No Errors!
------------------------------------------------------------------------------
   Message Time UTC: 2017-12-22 Fri 01:06:43.464513300 +0000 UTC 
 Message Time Local: 2017-12-21 Thu 19:06:43.464513300 -0600 CST 
******************************************************************************    


******************************************************************************
                Information Message                           Msg No: 20000002
******************************************************************************
 Message: Completed Job: Copy2. No Errors!
------------------------------------------------------------------------------
   Message Time UTC: 2017-12-22 Fri 01:06:48.480733900 +0000 UTC 
 Message Time Local: 2017-12-21 Thu 19:06:48.480733900 -0600 CST 
******************************************************************************

================================================================================
================================================================================
                        Completed Command Job Execution
!!!!!!!!!!!!!!!!!!!!!!!!!!!!!!!!!!!!!!!!!!!!!!!!!!!!!!!!!!!!!!!!!!!!!!!!!!!!!!!!
                             Job Execution Results
                            Command Job Name: Copy2
                             Command Job Number: 2
!!!!!!!!!!!!!!!!!!!!!!!!!!!!!!!!!!!!!!!!!!!!!!!!!!!!!!!!!!!!!!!!!!!!!!!!!!!!!!!!
================================================================================
  Cmd Job Description: Copy Dir 6 to Dir 7
    Execution Command: cmd.exe
            Command Arguments: /c copy D:\T06\*.txt D:\T07\
              Input Arguments: Input1 Input2 Input3
--------------------------------------------------------------------------------
                          Command Job Execution Times
--------------------------------------------------------------------------------
  UTC Start\End Times:
--------------------------------------------------------------------------------
   Cmd Job Start Time UTC: 2017-12-22 Fri 01:06:38.442624200 +0000 UTC
     Cmd Job End Time UTC: 2017-12-22 Fri 01:06:48.480733900 +0000 UTC
--------------------------------------------------------------------------------
  Local Start\End Times:
--------------------------------------------------------------------------------
  Cmd Job Start Time Local: 2017-12-21 Thu 19:06:38.442624200 -0600 CST
    Cmd Job End Time Local: 2017-12-21 Thu 19:06:48.480733900 -0600 CST
   Cmd Job Local Time Zone: America/Chicago - CST
--------------------------------------------------------------------------------
  Cmd Job Execution Elapsed Time:
&&&&&&&&&&&&&&&&&&&&&&&&&&&&&&&&&&&&&&&&&&&&&&&&&&&&&&&&&&&&&&&&&&&&&&&&&&&&&&&&
    0-Hours 0-Minutes 10-Seconds 38-Milliseconds 109-Microseconds 700-Nanoseconds
&&&&&&&&&&&&&&&&&&&&&&&&&&&&&&&&&&&&&&&&&&&&&&&&&&&&&&&&&&&&&&&&&&&&&&&&&&&&&&&&

  Number of Messages: 2
================================================================================
                         End of Command Job Number: 2
================================================================================




================================================================================
================================================================================
                        Starting Command Job Execution
                            Command Job Name: Copy3
                             Command Job Number: 3
================================================================================
     Command Job Description: Copy Dir 7 to Dir 8
--------------------------------------------------------------------------------
                 Command Type: Copy Dir 7 to Dir 8
     Execute Cmd In Directory: 
      Delay Cmd Start Seconds: 
  Delay Cmd Start Target Time: 
      Cmd Time Out in Seconds: 360
            Execution Command: cmd.exe
--------------------------------------------------------------------------------
  Command Arguments:
--------------------------------------------------------------------------------
      /c
      copy
      D:\T07\*.txt
      D:\T08\
      Arg5XXXXXXXXXXXXXXX
      Arg6XXXXXXXXXXXXXXX
      Arg7XXXXXXXXXXXXXXX
      Arg8XXXXXXXXXXXXXXX
      Arg9XXXXXXXXXXXXXXX
      Arg10XXXXXXXXXXXXXXX
--------------------------------------------------------------------------------

  Input Arguments:
--------------------------------------------------------------------------------
      Input1XXXXXXXXXXXX
      Input2XXXXXXXXXXXX
      Input3XXXXXXXXXXXX
      Input4XXXXXXXXXXXX
      Input5XXXXXXXXXXXX
      Input6XXXXXXXXXXXX
      Input7XXXXXXXXXXXX
      Input8XXXXXXXXXXXX
      Input9XXXXXXXXXXXX
  
********************************************************************************
                            Command Job Start Times
********************************************************************************
       Cmd Job Start Time UTC: 2017-12-22 Fri 01:06:48.485734400 +0000 UTC
     Cmd Job Start Time Local: 2017-12-21 Thu 19:06:48.485734400 -0600 CST
      Cmd Job Local Time Zone: America/Chicago - CST
================================================================================
================================================================================
    


******************************************************************************
                Information Message                           Msg No: 30000001
******************************************************************************
 Message: Completed Job: Copy3. No Errors!
------------------------------------------------------------------------------
   Message Time UTC: 2017-12-22 Fri 01:06:53.500000600 +0000 UTC 
 Message Time Local: 2017-12-21 Thu 19:06:53.500000600 -0600 CST 
******************************************************************************    


******************************************************************************
                Information Message                           Msg No: 30000002
******************************************************************************
 Message: Completed Job: Copy3. No Errors!
------------------------------------------------------------------------------
   Message Time UTC: 2017-12-22 Fri 01:06:58.515043200 +0000 UTC 
 Message Time Local: 2017-12-21 Thu 19:06:58.515043200 -0600 CST 
******************************************************************************

================================================================================
================================================================================
                        Completed Command Job Execution
!!!!!!!!!!!!!!!!!!!!!!!!!!!!!!!!!!!!!!!!!!!!!!!!!!!!!!!!!!!!!!!!!!!!!!!!!!!!!!!!
                             Job Execution Results
                            Command Job Name: Copy3
                             Command Job Number: 3
!!!!!!!!!!!!!!!!!!!!!!!!!!!!!!!!!!!!!!!!!!!!!!!!!!!!!!!!!!!!!!!!!!!!!!!!!!!!!!!!
================================================================================
  Cmd Job Description: Copy Dir 7 to Dir 8
    Execution Command: cmd.exe
--------------------------------------------------------------------------------
  Command Arguments:
--------------------------------------------------------------------------------
      /c
      copy
      D:\T07\*.txt
      D:\T08\
      Arg5XXXXXXXXXXXXXXX
      Arg6XXXXXXXXXXXXXXX
      Arg7XXXXXXXXXXXXXXX
      Arg8XXXXXXXXXXXXXXX
      Arg9XXXXXXXXXXXXXXX
      Arg10XXXXXXXXXXXXXXX
--------------------------------------------------------------------------------

  Input Arguments:
--------------------------------------------------------------------------------
      Input1XXXXXXXXXXXX
      Input2XXXXXXXXXXXX
      Input3XXXXXXXXXXXX
      Input4XXXXXXXXXXXX
      Input5XXXXXXXXXXXX
      Input6XXXXXXXXXXXX
      Input7XXXXXXXXXXXX
      Input8XXXXXXXXXXXX
      Input9XXXXXXXXXXXX
  
--------------------------------------------------------------------------------
                          Command Job Execution Times
--------------------------------------------------------------------------------
  UTC Start\End Times:
--------------------------------------------------------------------------------
   Cmd Job Start Time UTC: 2017-12-22 Fri 01:06:48.485734400 +0000 UTC
     Cmd Job End Time UTC: 2017-12-22 Fri 01:06:58.516044500 +0000 UTC
--------------------------------------------------------------------------------
  Local Start\End Times:
--------------------------------------------------------------------------------
  Cmd Job Start Time Local: 2017-12-21 Thu 19:06:48.485734400 -0600 CST
    Cmd Job End Time Local: 2017-12-21 Thu 19:06:58.516044500 -0600 CST
   Cmd Job Local Time Zone: America/Chicago - CST
--------------------------------------------------------------------------------
  Cmd Job Execution Elapsed Time:
&&&&&&&&&&&&&&&&&&&&&&&&&&&&&&&&&&&&&&&&&&&&&&&&&&&&&&&&&&&&&&&&&&&&&&&&&&&&&&&&
    0-Hours 0-Minutes 10-Seconds 30-Milliseconds 310-Microseconds 100-Nanoseconds
&&&&&&&&&&&&&&&&&&&&&&&&&&&&&&&&&&&&&&&&&&&&&&&&&&&&&&&&&&&&&&&&&&&&&&&&&&&&&&&&

  Number of Messages: 2
================================================================================
                         End of Command Job Number: 3
================================================================================




################################################################################
################################################################################
                         Completed Job Group Execution
================================================================================
                      App Name: cmdrX  AppVersion: 2.0.0 
================================================================================
               Execution Job Group Command File: cmdrXCmds.xml 
********************************************************************************
    Number of Jobs Executed: 3 
  Number of Messages Logged: 6 
********************************************************************************
  Job Group Execution Times:
--------------------------------------------------------------------------------
  JobGroup   Start Time UTC: 2017-12-22 Fri 01:06:16.473096600 +0000 UTC 
  JobGroup     End Time UTC: 2017-12-22 Fri 01:06:28.404286400 +0000 UTC 
--------------------------------------------------------------------------------
  JobGroup Start Time Local: 2017-12-21 Thu 19:06:16.473096600 -0600 CST 
  JobGroup   End Time Local: 2017-12-21 Thu 19:06:28.404286400 -0600 CST 
--------------------------------------------------------------------------------
  JobGroup  Local Time Zone: America/Chicago - CST
--------------------------------------------------------------------------------
  JobGroup Elapsed Time:
&&&&&&&&&&&&&&&&&&&&&&&&&&&&&&&&&&&&&&&&&&&&&&&&&&&&&&&&&&&&&&&&&&&&&&&&&&&&&&&&
  0-Hours 0-Minutes 11-Seconds 931-Milliseconds 189-Microseconds 800-Nanoseconds
&&&&&&&&&&&&&&&&&&&&&&&&&&&&&&&&&&&&&&&&&&&&&&&&&&&&&&&&&&&&&&&&&&&&&&&&&&&&&&&&


                          End of Job Group Execution
################################################################################
################################################################################
