################################################################################
################################################################################
                      App Name: cmdrX  AppVersion: 2.0.0 
################################################################################
               Execution Job Group Command File: cmdrXCmds.xml 
                        Starting Execution of 2 Jobs. 
================================================================================
  Job Group Start Time UTC: Monday December 18, 2017 23:45:28.033142700 +0000 UTC 
Job Group Start Time Local: Monday December 18, 2017 17:45:28.033142700 -0600 CST 
 Job Group Local Time Zone: America/Chicago 
================================================================================

********************************************************************************

  Initial Application Path: 
    D:\go\work\src\MikeAustin71\logopsgo\app
********************************************************************************

  This Log File:
    D:\go\work\src\MikeAustin71\logopsgo\app\cmdrX\cmdrX_20171218174528.log
********************************************************************************

  Base Start Directory:
    D:\go\work\src\MikeAustin71\logopsgo\app
********************************************************************************

================================================================================
  Number Of Old Log Files Deleted: 0 
################################################################################
################################################################################


================================================================================
================================================================================
                        Starting Command Job Execution
                            Command Job Name: Copy1
                             Command Job Number: 1
================================================================================

********************************************************************************
  Cmd Job Description: RoboCopy Dir 5 to Dir 6
********************************************************************************
--------------------------------------------------------------------------------
  Cmd Type: RoboCopy Dir 5 to Dir 6
  Execute Cmd In Directory: 
  Delay Cmd Start Seconds: 
  Delay Cmd Start Target Time: 
  Delay Cmd Time Out in Seconds: 360
--------------------------------------------------------------------------------

********************************************************************************
  Execution Command: cmd.exe
  Command Arguments: /c robocopy D:\T05 D:\T06 *.txt 
********************************************************************************

                            Command Job Start Times
********************************************************************************
    Cmd Job Start Time UTC: 2017-12-18 23:45:39.906950900 +0000 UTC
  Cmd Job Start Time Local: 2017-12-18 17:45:39.906950900 -0600 CST
   Cmd Job Local Time Zone: America/Chicago
********************************************************************************
================================================================================
================================================================================




++++++++++++++++++++++++++++++++++++++++++++++++++++++++++++++++++++++++++++++++
++++++++++++++++++++++++++++++++++++++++++++++++++++++++++++++++++++++++++++++++
                             Job Execution Message
!!!!!!!!!!!!!!!!!!!!!!!!!!!!!!!!!!!!!!!!!!!!!!!!!!!!!!!!!!!!!!!!!!!!!!!!!!!!!!!!
  Command Job Name: Copy1
  Command Job Number: 1
  Command Message Number: 1
  Command Message Type: INFO
    Command Message Time UTC: 2017-12-18 23:45:44.921385300 +0000 UTC
  Command Message Time Local: 2017-12-18 17:45:44.921385300 -0600 CST
   Command Message Time Zone: America/Chicago
!!!!!!!!!!!!!!!!!!!!!!!!!!!!!!!!!!!!!!!!!!!!!!!!!!!!!!!!!!!!!!!!!!!!!!!!!!!!!!!!
  Command Message:
&&&&&&&&&&&&&&&&&&&&&&&&&&&&&&&&&&&&&&&&&&&&&&&&&&&&&&&&&&&&&&&&&&&&&&&&&&&&&&&&

    


******************************************************************************
                Information Message                            Msg No: 1000612
******************************************************************************
 Message: Completed Job: Copy1. No Errors!
------------------------------------------------------------------------------
 Parent Context History:
  SrcFile: main.go -ParentObj:  -FuncName: main -BaseMsgId: 1000000
------------------------------------------------------------------------------
 Current Message Context:
  SrcFile: main.go -FuncName: executeJob -BaseMsgId: 1000000
------------------------------------------------------------------------------
   Message Time UTC: 2017-12-18 Mon 23:45:44.921385300 +0000 UTC 
 Message Time Local: 2017-12-18 Mon 17:45:44.921385300 -0600 CST 
******************************************************************************    


******************************************************************************
                Information Message                            Msg No: 1000612
******************************************************************************
 Message: Completed Job: Copy1. No Errors!
------------------------------------------------------------------------------
 Parent Context History:
  SrcFile: main.go -ParentObj:  -FuncName: main -BaseMsgId: 1000000
------------------------------------------------------------------------------
 Current Message Context:
  SrcFile: main.go -FuncName: executeJob -BaseMsgId: 1000000
------------------------------------------------------------------------------
   Message Time UTC: 2017-12-18 Mon 23:45:44.921385300 +0000 UTC 
 Message Time Local: 2017-12-18 Mon 17:45:44.921385300 -0600 CST 
******************************************************************************    


******************************************************************************
                Information Message                            Msg No: 1000612
******************************************************************************
 Message: Completed Job: Copy1. No Errors!
------------------------------------------------------------------------------
 Parent Context History:
  SrcFile: main.go -ParentObj:  -FuncName: main -BaseMsgId: 1000000
------------------------------------------------------------------------------
 Current Message Context:
  SrcFile: main.go -FuncName: executeJob -BaseMsgId: 1000000
------------------------------------------------------------------------------
   Message Time UTC: 2017-12-18 Mon 23:45:44.921385300 +0000 UTC 
 Message Time Local: 2017-12-18 Mon 17:45:44.921385300 -0600 CST 
******************************************************************************    


******************************************************************************
                Information Message                            Msg No: 1000612
******************************************************************************
 Message: Completed Job: Copy1. No Errors!
------------------------------------------------------------------------------
 Parent Context History:
  SrcFile: main.go -ParentObj:  -FuncName: main -BaseMsgId: 1000000
------------------------------------------------------------------------------
 Current Message Context:
  SrcFile: main.go -FuncName: executeJob -BaseMsgId: 1000000
------------------------------------------------------------------------------
   Message Time UTC: 2017-12-18 Mon 23:45:44.921385300 +0000 UTC 
 Message Time Local: 2017-12-18 Mon 17:45:44.921385300 -0600 CST 
******************************************************************************    


******************************************************************************
                Information Message                            Msg No: 1000612
******************************************************************************
 Message: Completed Job: Copy1. No Errors!
------------------------------------------------------------------------------
 Parent Context History:
  SrcFile: main.go -ParentObj:  -FuncName: main -BaseMsgId: 1000000
------------------------------------------------------------------------------
 Current Message Context:
  SrcFile: main.go -FuncName: executeJob -BaseMsgId: 1000000
------------------------------------------------------------------------------
   Message Time UTC: 2017-12-18 Mon 23:45:44.921385300 +0000 UTC 
 Message Time Local: 2017-12-18 Mon 17:45:44.921385300 -0600 CST 
******************************************************************************    


******************************************************************************
                Information Message                            Msg No: 1000612
******************************************************************************
 Message: Completed Job: Copy1. No Errors!
------------------------------------------------------------------------------
 Parent Context History:
  SrcFile: main.go -ParentObj:  -FuncName: main -BaseMsgId: 1000000
------------------------------------------------------------------------------
 Current Message Context:
  SrcFile: main.go -FuncName: executeJob -BaseMsgId: 1000000
------------------------------------------------------------------------------
   Message Time UTC: 2017-12-18 Mon 23:45:44.921385300 +0000 UTC 
 Message Time Local: 2017-12-18 Mon 17:45:44.921385300 -0600 CST 
******************************************************************************    


******************************************************************************
                Information Message                            Msg No: 1000612
******************************************************************************
 Message: Completed Job: Copy1. No Errors!
------------------------------------------------------------------------------
 Parent Context History:
  SrcFile: main.go -ParentObj:  -FuncName: main -BaseMsgId: 1000000
------------------------------------------------------------------------------
 Current Message Context:
  SrcFile: main.go -FuncName: executeJob -BaseMsgId: 1000000
------------------------------------------------------------------------------
   Message Time UTC: 2017-12-18 Mon 23:45:44.921385300 +0000 UTC 
 Message Time Local: 2017-12-18 Mon 17:45:44.921385300 -0600 CST 
******************************************************************************    


******************************************************************************
                Information Message                            Msg No: 1000612
******************************************************************************
 Message: Completed Job: Copy1. No Errors!
------------------------------------------------------------------------------
 Parent Context History:
  SrcFile: main.go -ParentObj:  -FuncName: main -BaseMsgId: 1000000
------------------------------------------------------------------------------
 Current Message Context:
  SrcFile: main.go -FuncName: executeJob -BaseMsgId: 1000000
------------------------------------------------------------------------------
   Message Time UTC: 2017-12-18 Mon 23:45:44.921385300 +0000 UTC 
 Message Time Local: 2017-12-18 Mon 17:45:44.921385300 -0600 CST 
******************************************************************************    


******************************************************************************
                Information Message                            Msg No: 1000612
******************************************************************************
 Message: Completed Job: Copy1. No Errors!
------------------------------------------------------------------------------
 Parent Context History:
  SrcFile: main.go -ParentObj:  -FuncName: main -BaseMsgId: 1000000
------------------------------------------------------------------------------
 Current Message Context:
  SrcFile: main.go -FuncName: executeJob -BaseMsgId: 1000000
------------------------------------------------------------------------------
   Message Time UTC: 2017-12-18 Mon 23:45:44.921385300 +0000 UTC 
 Message Time Local: 2017-12-18 Mon 17:45:44.921385300 -0600 CST 
******************************************************************************    


******************************************************************************
                Information Message                            Msg No: 1000612
******************************************************************************
 Message: Completed Job: Copy1. No Errors!
------------------------------------------------------------------------------
 Parent Context History:
  SrcFile: main.go -ParentObj:  -FuncName: main -BaseMsgId: 1000000
------------------------------------------------------------------------------
 Current Message Context:
  SrcFile: main.go -FuncName: executeJob -BaseMsgId: 1000000
------------------------------------------------------------------------------
   Message Time UTC: 2017-12-18 Mon 23:45:44.921385300 +0000 UTC 
 Message Time Local: 2017-12-18 Mon 17:45:44.921385300 -0600 CST 
******************************************************************************    


******************************************************************************
                Information Message                            Msg No: 1000612
******************************************************************************
 Message: Completed Job: Copy1. No Errors!
------------------------------------------------------------------------------
 Parent Context History:
  SrcFile: main.go -ParentObj:  -FuncName: main -BaseMsgId: 1000000
------------------------------------------------------------------------------
 Current Message Context:
  SrcFile: main.go -FuncName: executeJob -BaseMsgId: 1000000
------------------------------------------------------------------------------
   Message Time UTC: 2017-12-18 Mon 23:45:44.921385300 +0000 UTC 
 Message Time Local: 2017-12-18 Mon 17:45:44.921385300 -0600 CST 
******************************************************************************    


******************************************************************************
                Information Message                            Msg No: 1000612
******************************************************************************
 Message: Completed Job: Copy1. No Errors!
------------------------------------------------------------------------------
 Parent Context History:
  SrcFile: main.go -ParentObj:  -FuncName: main -BaseMsgId: 1000000
------------------------------------------------------------------------------
 Current Message Context:
  SrcFile: main.go -FuncName: executeJob -BaseMsgId: 1000000
------------------------------------------------------------------------------
   Message Time UTC: 2017-12-18 Mon 23:45:44.921385300 +0000 UTC 
 Message Time Local: 2017-12-18 Mon 17:45:44.921385300 -0600 CST 
******************************************************************************    


******************************************************************************
                Information Message                            Msg No: 1000612
******************************************************************************
 Message: Completed Job: Copy1. No Errors!
------------------------------------------------------------------------------
 Parent Context History:
  SrcFile: main.go -ParentObj:  -FuncName: main -BaseMsgId: 1000000
------------------------------------------------------------------------------
 Current Message Context:
  SrcFile: main.go -FuncName: executeJob -BaseMsgId: 1000000
------------------------------------------------------------------------------
   Message Time UTC: 2017-12-18 Mon 23:45:44.921385300 +0000 UTC 
 Message Time Local: 2017-12-18 Mon 17:45:44.921385300 -0600 CST 
******************************************************************************    


******************************************************************************
                Information Message                            Msg No: 1000612
******************************************************************************
 Message: Completed Job: Copy1. No Errors!
------------------------------------------------------------------------------
 Parent Context History:
  SrcFile: main.go -ParentObj:  -FuncName: main -BaseMsgId: 1000000
------------------------------------------------------------------------------
 Current Message Context:
  SrcFile: main.go -FuncName: executeJob -BaseMsgId: 1000000
------------------------------------------------------------------------------
   Message Time UTC: 2017-12-18 Mon 23:45:44.921385300 +0000 UTC 
 Message Time Local: 2017-12-18 Mon 17:45:44.921385300 -0600 CST 
******************************************************************************    


******************************************************************************
                Information Message                            Msg No: 1000612
******************************************************************************
 Message: Completed Job: Copy1. No Errors!
------------------------------------------------------------------------------
 Parent Context History:
  SrcFile: main.go -ParentObj:  -FuncName: main -BaseMsgId: 1000000
------------------------------------------------------------------------------
 Current Message Context:
  SrcFile: main.go -FuncName: executeJob -BaseMsgId: 1000000
------------------------------------------------------------------------------
   Message Time UTC: 2017-12-18 Mon 23:45:44.921385300 +0000 UTC 
 Message Time Local: 2017-12-18 Mon 17:45:44.921385300 -0600 CST 
******************************************************************************    


******************************************************************************
                Information Message                            Msg No: 1000612
******************************************************************************
 Message: Completed Job: Copy1. No Errors!
------------------------------------------------------------------------------
 Parent Context History:
  SrcFile: main.go -ParentObj:  -FuncName: main -BaseMsgId: 1000000
------------------------------------------------------------------------------
 Current Message Context:
  SrcFile: main.go -FuncName: executeJob -BaseMsgId: 1000000
------------------------------------------------------------------------------
   Message Time UTC: 2017-12-18 Mon 23:45:44.921385300 +0000 UTC 
 Message Time Local: 2017-12-18 Mon 17:45:44.921385300 -0600 CST 
******************************************************************************    


******************************************************************************
                Information Message                            Msg No: 1000612
******************************************************************************
 Message: Completed Job: Copy1. No Errors!
------------------------------------------------------------------------------
 Parent Context History:
  SrcFile: main.go -ParentObj:  -FuncName: main -BaseMsgId: 1000000
------------------------------------------------------------------------------
 Current Message Context:
  SrcFile: main.go -FuncName: executeJob -BaseMsgId: 1000000
------------------------------------------------------------------------------
   Message Time UTC: 2017-12-18 Mon 23:45:44.921385300 +0000 UTC 
 Message Time Local: 2017-12-18 Mon 17:45:44.921385300 -0600 CST 
******************************************************************************    


******************************************************************************
                Information Message                            Msg No: 1000612
******************************************************************************
 Message: Completed Job: Copy1. No Errors!
------------------------------------------------------------------------------
 Parent Context History:
  SrcFile: main.go -ParentObj:  -FuncName: main -BaseMsgId: 1000000
------------------------------------------------------------------------------
 Current Message Context:
  SrcFile: main.go -FuncName: executeJob -BaseMsgId: 1000000
------------------------------------------------------------------------------
   Message Time UTC: 2017-12-18 Mon 23:45:44.921385300 +0000 UTC 
 Message Time Local: 2017-12-18 Mon 17:45:44.921385300 -0600 CST 
******************************************************************************    


******************************************************************************
                Information Message                            Msg No: 1000612
******************************************************************************
 Message: Completed Job: Copy1. No Errors!
------------------------------------------------------------------------------
 Parent Context History:
  SrcFile: main.go -ParentObj:  -FuncName: main -BaseMsgId: 1000000
------------------------------------------------------------------------------
 Current Message Context:
  SrcFile: main.go -FuncName: executeJob -BaseMsgId: 1000000
------------------------------------------------------------------------------
   Message Time UTC: 2017-12-18 Mon 23:45:44.921385300 +0000 UTC 
 Message Time Local: 2017-12-18 Mon 17:45:44.921385300 -0600 CST 
******************************************************************************    


******************************************************************************
                Information Message                            Msg No: 1000612
******************************************************************************
 Message: Completed Job: Copy1. No Errors!
------------------------------------------------------------------------------
 Parent Context History:
  SrcFile: main.go -ParentObj:  -FuncName: main -BaseMsgId: 1000000
------------------------------------------------------------------------------
 Current Message Context:
  SrcFile: main.go -FuncName: executeJob -BaseMsgId: 1000000
------------------------------------------------------------------------------
   Message Time UTC: 2017-12-18 Mon 23:45:44.921385300 +0000 UTC 
 Message Time Local: 2017-12-18 Mon 17:45:44.921385300 -0600 CST 
******************************************************************************    


******************************************************************************
                Information Message                            Msg No: 1000612
******************************************************************************
 Message: Completed Job: Copy1. No Errors!
------------------------------------------------------------------------------
 Parent Context History:
  SrcFile: main.go -ParentObj:  -FuncName: main -BaseMsgId: 1000000
------------------------------------------------------------------------------
 Current Message Context:
  SrcFile: main.go -FuncName: executeJob -BaseMsgId: 1000000
------------------------------------------------------------------------------
   Message Time UTC: 2017-12-18 Mon 23:45:44.921385300 +0000 UTC 
 Message Time Local: 2017-12-18 Mon 17:45:44.921385300 -0600 CST 
******************************************************************************    


******************************************************************************
                Information Message                            Msg No: 1000612
******************************************************************************
 Message: Completed Job: Copy1. No Errors!
------------------------------------------------------------------------------
 Parent Context History:
  SrcFile: main.go -ParentObj:  -FuncName: main -BaseMsgId: 1000000
------------------------------------------------------------------------------
 Current Message Context:
  SrcFile: main.go -FuncName: executeJob -BaseMsgId: 1000000
------------------------------------------------------------------------------
   Message Time UTC: 2017-12-18 Mon 23:45:44.921385300 +0000 UTC 
 Message Time Local: 2017-12-18 Mon 17:45:44.921385300 -0600 CST 
******************************************************************************    


******************************************************************************
                Information Message                            Msg No: 1000612
******************************************************************************
 Message: Completed Job: Copy1. No Errors!
------------------------------------------------------------------------------
 Parent Context History:
  SrcFile: main.go -ParentObj:  -FuncName: main -BaseMsgId: 1000000
------------------------------------------------------------------------------
 Current Message Context:
  SrcFile: main.go -FuncName: executeJob -BaseMsgId: 1000000
------------------------------------------------------------------------------
   Message Time UTC: 2017-12-18 Mon 23:45:44.921385300 +0000 UTC 
 Message Time Local: 2017-12-18 Mon 17:45:44.921385300 -0600 CST 
******************************************************************************    


******************************************************************************
                Information Message                            Msg No: 1000612
******************************************************************************
 Message: Completed Job: Copy1. No Errors!
------------------------------------------------------------------------------
 Parent Context History:
  SrcFile: main.go -ParentObj:  -FuncName: main -BaseMsgId: 1000000
------------------------------------------------------------------------------
 Current Message Context:
  SrcFile: main.go -FuncName: executeJob -BaseMsgId: 1000000
------------------------------------------------------------------------------
   Message Time UTC: 2017-12-18 Mon 23:45:44.921385300 +0000 UTC 
 Message Time Local: 2017-12-18 Mon 17:45:44.921385300 -0600 CST 
******************************************************************************    


******************************************************************************
                Information Message                            Msg No: 1000612
******************************************************************************
 Message: Completed Job: Copy1. No Errors!
------------------------------------------------------------------------------
 Parent Context History:
  SrcFile: main.go -ParentObj:  -FuncName: main -BaseMsgId: 1000000
------------------------------------------------------------------------------
 Current Message Context:
  SrcFile: main.go -FuncName: executeJob -BaseMsgId: 1000000
------------------------------------------------------------------------------
   Message Time UTC: 2017-12-18 Mon 23:45:44.921385300 +0000 UTC 
 Message Time Local: 2017-12-18 Mon 17:45:44.921385300 -0600 CST 
******************************************************************************    


******************************************************************************
                Information Message                            Msg No: 1000612
******************************************************************************
 Message: Completed Job: Copy1. No Errors!
------------------------------------------------------------------------------
 Parent Context History:
  SrcFile: main.go -ParentObj:  -FuncName: main -BaseMsgId: 1000000
------------------------------------------------------------------------------
 Current Message Context:
  SrcFile: main.go -FuncName: executeJob -BaseMsgId: 1000000
------------------------------------------------------------------------------
   Message Time UTC: 2017-12-18 Mon 23:45:44.921385300 +0000 UTC 
 Message Time Local: 2017-12-18 Mon 17:45:44.921385300 -0600 CST 
******************************************************************************    


******************************************************************************
                Information Message                            Msg No: 1000612
******************************************************************************
 Message: Completed Job: Copy1. No Errors!
------------------------------------------------------------------------------
 Parent Context History:
  SrcFile: main.go -ParentObj:  -FuncName: main -BaseMsgId: 1000000
------------------------------------------------------------------------------
 Current Message Context:
  SrcFile: main.go -FuncName: executeJob -BaseMsgId: 1000000
------------------------------------------------------------------------------
   Message Time UTC: 2017-12-18 Mon 23:45:44.921385300 +0000 UTC 
 Message Time Local: 2017-12-18 Mon 17:45:44.921385300 -0600 CST 
******************************************************************************    


******************************************************************************
                Information Message                            Msg No: 1000612
******************************************************************************
 Message: Completed Job: Copy1. No Errors!
------------------------------------------------------------------------------
 Parent Context History:
  SrcFile: main.go -ParentObj:  -FuncName: main -BaseMsgId: 1000000
------------------------------------------------------------------------------
 Current Message Context:
  SrcFile: main.go -FuncName: executeJob -BaseMsgId: 1000000
------------------------------------------------------------------------------
   Message Time UTC: 2017-12-18 Mon 23:45:44.921385300 +0000 UTC 
 Message Time Local: 2017-12-18 Mon 17:45:44.921385300 -0600 CST 
******************************************************************************    


******************************************************************************
                Information Message                            Msg No: 1000612
******************************************************************************
 Message: Completed Job: Copy1. No Errors!
------------------------------------------------------------------------------
 Parent Context History:
  SrcFile: main.go -ParentObj:  -FuncName: main -BaseMsgId: 1000000
------------------------------------------------------------------------------
 Current Message Context:
  SrcFile: main.go -FuncName: executeJob -BaseMsgId: 1000000
------------------------------------------------------------------------------
   Message Time UTC: 2017-12-18 Mon 23:45:44.921385300 +0000 UTC 
 Message Time Local: 2017-12-18 Mon 17:45:44.921385300 -0600 CST 
******************************************************************************    


******************************************************************************
                Information Message                            Msg No: 1000612
******************************************************************************
 Message: Completed Job: Copy1. No Errors!
------------------------------------------------------------------------------
 Parent Context History:
  SrcFile: main.go -ParentObj:  -FuncName: main -BaseMsgId: 1000000
------------------------------------------------------------------------------
 Current Message Context:
  SrcFile: main.go -FuncName: executeJob -BaseMsgId: 1000000
------------------------------------------------------------------------------
   Message Time UTC: 2017-12-18 Mon 23:45:44.921385300 +0000 UTC 
 Message Time Local: 2017-12-18 Mon 17:45:44.921385300 -0600 CST 
******************************************************************************    


******************************************************************************
                Information Message                            Msg No: 1000612
******************************************************************************
 Message: Completed Job: Copy1. No Errors!
------------------------------------------------------------------------------
 Parent Context History:
  SrcFile: main.go -ParentObj:  -FuncName: main -BaseMsgId: 1000000
------------------------------------------------------------------------------
 Current Message Context:
  SrcFile: main.go -FuncName: executeJob -BaseMsgId: 1000000
------------------------------------------------------------------------------
   Message Time UTC: 2017-12-18 Mon 23:45:44.921385300 +0000 UTC 
 Message Time Local: 2017-12-18 Mon 17:45:44.921385300 -0600 CST 
******************************************************************************    


******************************************************************************
                Information Message                            Msg No: 1000612
******************************************************************************
 Message: Completed Job: Copy1. No Errors!
------------------------------------------------------------------------------
 Parent Context History:
  SrcFile: main.go -ParentObj:  -FuncName: main -BaseMsgId: 1000000
------------------------------------------------------------------------------
 Current Message Context:
  SrcFile: main.go -FuncName: executeJob -BaseMsgId: 1000000
------------------------------------------------------------------------------
   Message Time UTC: 2017-12-18 Mon 23:45:44.921385300 +0000 UTC 
 Message Time Local: 2017-12-18 Mon 17:45:44.921385300 -0600 CST 
******************************************************************************
&&&&&&&&&&&&&&&&&&&&&&&&&&&&&&&&&&&&&&&&&&&&&&&&&&&&&&&&&&&&&&&&&&&&&&&&&&&&&&&&

++++++++++++++++++++++++++++++++++++++++++++++++++++++++++++++++++++++++++++++++
                    End Of Job Execution Message Number: 1
++++++++++++++++++++++++++++++++++++++++++++++++++++++++++++++++++++++++++++++++




================================================================================
================================================================================
!!!!!!!!!!!!!!!!!!!!!!!!!!!!!!!!!!!!!!!!!!!!!!!!!!!!!!!!!!!!!!!!!!!!!!!!!!!!!!!!
                        Completed Command Job Execution
                            Command Job Name: Copy1
                             Command Job Number: 1
!!!!!!!!!!!!!!!!!!!!!!!!!!!!!!!!!!!!!!!!!!!!!!!!!!!!!!!!!!!!!!!!!!!!!!!!!!!!!!!!
================================================================================

********************************************************************************
  Cmd Job Description: RoboCopy Dir 5 to Dir 6
********************************************************************************
--------------------------------------------------------------------------------
  Execution Command: cmd.exe
  Command Arguments: /c robocopy D:\T05 D:\T06 *.txt 
--------------------------------------------------------------------------------

********************************************************************************
********************************************************************************
                          Command Job Execution Times
  UTC Start\End Times:
--------------------------------------------------------------------------------
   Cmd Job Start Time UTC: 2017-12-18 23:45:39.906950900 +0000 UTC
     Cmd Job End Time UTC: 2017-12-18 23:45:44.924389500 +0000 UTC
--------------------------------------------------------------------------------

  Local Start\End Times:
--------------------------------------------------------------------------------
  Cmd Job Start Time Local: 2017-12-18 17:45:39.906950900 -0600 CST
    Cmd Job End Time Local: 2017-12-18 17:45:44.924389500 -0600 CST
   Cmd Job Local Time Zone: America/Chicago
--------------------------------------------------------------------------------

&&&&&&&&&&&&&&&&&&&&&&&&&&&&&&&&&&&&&&&&&&&&&&&&&&&&&&&&&&&&&&&&&&&&&&&&&&&&&&&&

  Cmd Job Execution Elapsed Time:
&&&&&&&&&&&&&&&&&&&&&&&&&&&&&&&&&&&&&&&&&&&&&&&&&&&&&&&&&&&&&&&&&&&&&&&&&&&&&&&&
    0-Hours 0-Minutes 5-Seconds 17-Milliseconds 438-Microseconds 600-Nanoseconds
&&&&&&&&&&&&&&&&&&&&&&&&&&&&&&&&&&&&&&&&&&&&&&&&&&&&&&&&&&&&&&&&&&&&&&&&&&&&&&&&


--------------------------------------------------------------------------------
  Number of Messages: 1
--------------------------------------------------------------------------------

================================================================================
                         End of Command Job Number: 1
================================================================================




================================================================================
================================================================================
                        Starting Command Job Execution
                            Command Job Name: Copy2
                             Command Job Number: 2
================================================================================

********************************************************************************
  Cmd Job Description: Copy Dir 6 to Dir 7
********************************************************************************
--------------------------------------------------------------------------------
  Cmd Type: Copy Dir 6 to Dir 7
  Execute Cmd In Directory: 
  Delay Cmd Start Seconds: 
  Delay Cmd Start Target Time: 
  Delay Cmd Time Out in Seconds: 360
--------------------------------------------------------------------------------

********************************************************************************
  Execution Command: cmd.exe
  Command Arguments: /c copy D:\T06\*.txt D:\T07\ 
********************************************************************************

                            Command Job Start Times
********************************************************************************
    Cmd Job Start Time UTC: 2017-12-18 23:45:44.927405600 +0000 UTC
  Cmd Job Start Time Local: 2017-12-18 17:45:44.927405600 -0600 CST
   Cmd Job Local Time Zone: America/Chicago
********************************************************************************
================================================================================
================================================================================




++++++++++++++++++++++++++++++++++++++++++++++++++++++++++++++++++++++++++++++++
++++++++++++++++++++++++++++++++++++++++++++++++++++++++++++++++++++++++++++++++
                             Job Execution Message
!!!!!!!!!!!!!!!!!!!!!!!!!!!!!!!!!!!!!!!!!!!!!!!!!!!!!!!!!!!!!!!!!!!!!!!!!!!!!!!!
  Command Job Name: Copy2
  Command Job Number: 2
  Command Message Number: 1
  Command Message Type: INFO
    Command Message Time UTC: 2017-12-18 23:45:49.939120500 +0000 UTC
  Command Message Time Local: 2017-12-18 17:45:49.939120500 -0600 CST
   Command Message Time Zone: America/Chicago
!!!!!!!!!!!!!!!!!!!!!!!!!!!!!!!!!!!!!!!!!!!!!!!!!!!!!!!!!!!!!!!!!!!!!!!!!!!!!!!!
  Command Message:
&&&&&&&&&&&&&&&&&&&&&&&&&&&&&&&&&&&&&&&&&&&&&&&&&&&&&&&&&&&&&&&&&&&&&&&&&&&&&&&&

    


******************************************************************************
                Information Message                            Msg No: 1000612
******************************************************************************
 Message: Completed Job: Copy2. No Errors!
------------------------------------------------------------------------------
 Parent Context History:
  SrcFile: main.go -ParentObj:  -FuncName: main -BaseMsgId: 1000000
------------------------------------------------------------------------------
 Current Message Context:
  SrcFile: main.go -FuncName: executeJob -BaseMsgId: 1000000
------------------------------------------------------------------------------
   Message Time UTC: 2017-12-18 Mon 23:45:49.939120500 +0000 UTC 
 Message Time Local: 2017-12-18 Mon 17:45:49.939120500 -0600 CST 
******************************************************************************    


******************************************************************************
                Information Message                            Msg No: 1000612
******************************************************************************
 Message: Completed Job: Copy2. No Errors!
------------------------------------------------------------------------------
 Parent Context History:
  SrcFile: main.go -ParentObj:  -FuncName: main -BaseMsgId: 1000000
------------------------------------------------------------------------------
 Current Message Context:
  SrcFile: main.go -FuncName: executeJob -BaseMsgId: 1000000
------------------------------------------------------------------------------
   Message Time UTC: 2017-12-18 Mon 23:45:49.939120500 +0000 UTC 
 Message Time Local: 2017-12-18 Mon 17:45:49.939120500 -0600 CST 
******************************************************************************    


******************************************************************************
                Information Message                            Msg No: 1000612
******************************************************************************
 Message: Completed Job: Copy2. No Errors!
------------------------------------------------------------------------------
 Parent Context History:
  SrcFile: main.go -ParentObj:  -FuncName: main -BaseMsgId: 1000000
------------------------------------------------------------------------------
 Current Message Context:
  SrcFile: main.go -FuncName: executeJob -BaseMsgId: 1000000
------------------------------------------------------------------------------
   Message Time UTC: 2017-12-18 Mon 23:45:49.939120500 +0000 UTC 
 Message Time Local: 2017-12-18 Mon 17:45:49.939120500 -0600 CST 
******************************************************************************    


******************************************************************************
                Information Message                            Msg No: 1000612
******************************************************************************
 Message: Completed Job: Copy2. No Errors!
------------------------------------------------------------------------------
 Parent Context History:
  SrcFile: main.go -ParentObj:  -FuncName: main -BaseMsgId: 1000000
------------------------------------------------------------------------------
 Current Message Context:
  SrcFile: main.go -FuncName: executeJob -BaseMsgId: 1000000
------------------------------------------------------------------------------
   Message Time UTC: 2017-12-18 Mon 23:45:49.939120500 +0000 UTC 
 Message Time Local: 2017-12-18 Mon 17:45:49.939120500 -0600 CST 
******************************************************************************    


******************************************************************************
                Information Message                            Msg No: 1000612
******************************************************************************
 Message: Completed Job: Copy2. No Errors!
------------------------------------------------------------------------------
 Parent Context History:
  SrcFile: main.go -ParentObj:  -FuncName: main -BaseMsgId: 1000000
------------------------------------------------------------------------------
 Current Message Context:
  SrcFile: main.go -FuncName: executeJob -BaseMsgId: 1000000
------------------------------------------------------------------------------
   Message Time UTC: 2017-12-18 Mon 23:45:49.939120500 +0000 UTC 
 Message Time Local: 2017-12-18 Mon 17:45:49.939120500 -0600 CST 
******************************************************************************    


******************************************************************************
                Information Message                            Msg No: 1000612
******************************************************************************
 Message: Completed Job: Copy2. No Errors!
------------------------------------------------------------------------------
 Parent Context History:
  SrcFile: main.go -ParentObj:  -FuncName: main -BaseMsgId: 1000000
------------------------------------------------------------------------------
 Current Message Context:
  SrcFile: main.go -FuncName: executeJob -BaseMsgId: 1000000
------------------------------------------------------------------------------
   Message Time UTC: 2017-12-18 Mon 23:45:49.939120500 +0000 UTC 
 Message Time Local: 2017-12-18 Mon 17:45:49.939120500 -0600 CST 
******************************************************************************    


******************************************************************************
                Information Message                            Msg No: 1000612
******************************************************************************
 Message: Completed Job: Copy2. No Errors!
------------------------------------------------------------------------------
 Parent Context History:
  SrcFile: main.go -ParentObj:  -FuncName: main -BaseMsgId: 1000000
------------------------------------------------------------------------------
 Current Message Context:
  SrcFile: main.go -FuncName: executeJob -BaseMsgId: 1000000
------------------------------------------------------------------------------
   Message Time UTC: 2017-12-18 Mon 23:45:49.939120500 +0000 UTC 
 Message Time Local: 2017-12-18 Mon 17:45:49.939120500 -0600 CST 
******************************************************************************    


******************************************************************************
                Information Message                            Msg No: 1000612
******************************************************************************
 Message: Completed Job: Copy2. No Errors!
------------------------------------------------------------------------------
 Parent Context History:
  SrcFile: main.go -ParentObj:  -FuncName: main -BaseMsgId: 1000000
------------------------------------------------------------------------------
 Current Message Context:
  SrcFile: main.go -FuncName: executeJob -BaseMsgId: 1000000
------------------------------------------------------------------------------
   Message Time UTC: 2017-12-18 Mon 23:45:49.939120500 +0000 UTC 
 Message Time Local: 2017-12-18 Mon 17:45:49.939120500 -0600 CST 
******************************************************************************    


******************************************************************************
                Information Message                            Msg No: 1000612
******************************************************************************
 Message: Completed Job: Copy2. No Errors!
------------------------------------------------------------------------------
 Parent Context History:
  SrcFile: main.go -ParentObj:  -FuncName: main -BaseMsgId: 1000000
------------------------------------------------------------------------------
 Current Message Context:
  SrcFile: main.go -FuncName: executeJob -BaseMsgId: 1000000
------------------------------------------------------------------------------
   Message Time UTC: 2017-12-18 Mon 23:45:49.939120500 +0000 UTC 
 Message Time Local: 2017-12-18 Mon 17:45:49.939120500 -0600 CST 
******************************************************************************    


******************************************************************************
                Information Message                            Msg No: 1000612
******************************************************************************
 Message: Completed Job: Copy2. No Errors!
------------------------------------------------------------------------------
 Parent Context History:
  SrcFile: main.go -ParentObj:  -FuncName: main -BaseMsgId: 1000000
------------------------------------------------------------------------------
 Current Message Context:
  SrcFile: main.go -FuncName: executeJob -BaseMsgId: 1000000
------------------------------------------------------------------------------
   Message Time UTC: 2017-12-18 Mon 23:45:49.939120500 +0000 UTC 
 Message Time Local: 2017-12-18 Mon 17:45:49.939120500 -0600 CST 
******************************************************************************    


******************************************************************************
                Information Message                            Msg No: 1000612
******************************************************************************
 Message: Completed Job: Copy2. No Errors!
------------------------------------------------------------------------------
 Parent Context History:
  SrcFile: main.go -ParentObj:  -FuncName: main -BaseMsgId: 1000000
------------------------------------------------------------------------------
 Current Message Context:
  SrcFile: main.go -FuncName: executeJob -BaseMsgId: 1000000
------------------------------------------------------------------------------
   Message Time UTC: 2017-12-18 Mon 23:45:49.939120500 +0000 UTC 
 Message Time Local: 2017-12-18 Mon 17:45:49.939120500 -0600 CST 
******************************************************************************    


******************************************************************************
                Information Message                            Msg No: 1000612
******************************************************************************
 Message: Completed Job: Copy2. No Errors!
------------------------------------------------------------------------------
 Parent Context History:
  SrcFile: main.go -ParentObj:  -FuncName: main -BaseMsgId: 1000000
------------------------------------------------------------------------------
 Current Message Context:
  SrcFile: main.go -FuncName: executeJob -BaseMsgId: 1000000
------------------------------------------------------------------------------
   Message Time UTC: 2017-12-18 Mon 23:45:49.939120500 +0000 UTC 
 Message Time Local: 2017-12-18 Mon 17:45:49.939120500 -0600 CST 
******************************************************************************    


******************************************************************************
                Information Message                            Msg No: 1000612
******************************************************************************
 Message: Completed Job: Copy2. No Errors!
------------------------------------------------------------------------------
 Parent Context History:
  SrcFile: main.go -ParentObj:  -FuncName: main -BaseMsgId: 1000000
------------------------------------------------------------------------------
 Current Message Context:
  SrcFile: main.go -FuncName: executeJob -BaseMsgId: 1000000
------------------------------------------------------------------------------
   Message Time UTC: 2017-12-18 Mon 23:45:49.939120500 +0000 UTC 
 Message Time Local: 2017-12-18 Mon 17:45:49.939120500 -0600 CST 
******************************************************************************    


******************************************************************************
                Information Message                            Msg No: 1000612
******************************************************************************
 Message: Completed Job: Copy2. No Errors!
------------------------------------------------------------------------------
 Parent Context History:
  SrcFile: main.go -ParentObj:  -FuncName: main -BaseMsgId: 1000000
------------------------------------------------------------------------------
 Current Message Context:
  SrcFile: main.go -FuncName: executeJob -BaseMsgId: 1000000
------------------------------------------------------------------------------
   Message Time UTC: 2017-12-18 Mon 23:45:49.939120500 +0000 UTC 
 Message Time Local: 2017-12-18 Mon 17:45:49.939120500 -0600 CST 
******************************************************************************    


******************************************************************************
                Information Message                            Msg No: 1000612
******************************************************************************
 Message: Completed Job: Copy2. No Errors!
------------------------------------------------------------------------------
 Parent Context History:
  SrcFile: main.go -ParentObj:  -FuncName: main -BaseMsgId: 1000000
------------------------------------------------------------------------------
 Current Message Context:
  SrcFile: main.go -FuncName: executeJob -BaseMsgId: 1000000
------------------------------------------------------------------------------
   Message Time UTC: 2017-12-18 Mon 23:45:49.939120500 +0000 UTC 
 Message Time Local: 2017-12-18 Mon 17:45:49.939120500 -0600 CST 
******************************************************************************    


******************************************************************************
                Information Message                            Msg No: 1000612
******************************************************************************
 Message: Completed Job: Copy2. No Errors!
------------------------------------------------------------------------------
 Parent Context History:
  SrcFile: main.go -ParentObj:  -FuncName: main -BaseMsgId: 1000000
------------------------------------------------------------------------------
 Current Message Context:
  SrcFile: main.go -FuncName: executeJob -BaseMsgId: 1000000
------------------------------------------------------------------------------
   Message Time UTC: 2017-12-18 Mon 23:45:49.939120500 +0000 UTC 
 Message Time Local: 2017-12-18 Mon 17:45:49.939120500 -0600 CST 
******************************************************************************    


******************************************************************************
                Information Message                            Msg No: 1000612
******************************************************************************
 Message: Completed Job: Copy2. No Errors!
------------------------------------------------------------------------------
 Parent Context History:
  SrcFile: main.go -ParentObj:  -FuncName: main -BaseMsgId: 1000000
------------------------------------------------------------------------------
 Current Message Context:
  SrcFile: main.go -FuncName: executeJob -BaseMsgId: 1000000
------------------------------------------------------------------------------
   Message Time UTC: 2017-12-18 Mon 23:45:49.939120500 +0000 UTC 
 Message Time Local: 2017-12-18 Mon 17:45:49.939120500 -0600 CST 
******************************************************************************    


******************************************************************************
                Information Message                            Msg No: 1000612
******************************************************************************
 Message: Completed Job: Copy2. No Errors!
------------------------------------------------------------------------------
 Parent Context History:
  SrcFile: main.go -ParentObj:  -FuncName: main -BaseMsgId: 1000000
------------------------------------------------------------------------------
 Current Message Context:
  SrcFile: main.go -FuncName: executeJob -BaseMsgId: 1000000
------------------------------------------------------------------------------
   Message Time UTC: 2017-12-18 Mon 23:45:49.939120500 +0000 UTC 
 Message Time Local: 2017-12-18 Mon 17:45:49.939120500 -0600 CST 
******************************************************************************    


******************************************************************************
                Information Message                            Msg No: 1000612
******************************************************************************
 Message: Completed Job: Copy2. No Errors!
------------------------------------------------------------------------------
 Parent Context History:
  SrcFile: main.go -ParentObj:  -FuncName: main -BaseMsgId: 1000000
------------------------------------------------------------------------------
 Current Message Context:
  SrcFile: main.go -FuncName: executeJob -BaseMsgId: 1000000
------------------------------------------------------------------------------
   Message Time UTC: 2017-12-18 Mon 23:45:49.939120500 +0000 UTC 
 Message Time Local: 2017-12-18 Mon 17:45:49.939120500 -0600 CST 
******************************************************************************    


******************************************************************************
                Information Message                            Msg No: 1000612
******************************************************************************
 Message: Completed Job: Copy2. No Errors!
------------------------------------------------------------------------------
 Parent Context History:
  SrcFile: main.go -ParentObj:  -FuncName: main -BaseMsgId: 1000000
------------------------------------------------------------------------------
 Current Message Context:
  SrcFile: main.go -FuncName: executeJob -BaseMsgId: 1000000
------------------------------------------------------------------------------
   Message Time UTC: 2017-12-18 Mon 23:45:49.939120500 +0000 UTC 
 Message Time Local: 2017-12-18 Mon 17:45:49.939120500 -0600 CST 
******************************************************************************    


******************************************************************************
                Information Message                            Msg No: 1000612
******************************************************************************
 Message: Completed Job: Copy2. No Errors!
------------------------------------------------------------------------------
 Parent Context History:
  SrcFile: main.go -ParentObj:  -FuncName: main -BaseMsgId: 1000000
------------------------------------------------------------------------------
 Current Message Context:
  SrcFile: main.go -FuncName: executeJob -BaseMsgId: 1000000
------------------------------------------------------------------------------
   Message Time UTC: 2017-12-18 Mon 23:45:49.939120500 +0000 UTC 
 Message Time Local: 2017-12-18 Mon 17:45:49.939120500 -0600 CST 
******************************************************************************    


******************************************************************************
                Information Message                            Msg No: 1000612
******************************************************************************
 Message: Completed Job: Copy2. No Errors!
------------------------------------------------------------------------------
 Parent Context History:
  SrcFile: main.go -ParentObj:  -FuncName: main -BaseMsgId: 1000000
------------------------------------------------------------------------------
 Current Message Context:
  SrcFile: main.go -FuncName: executeJob -BaseMsgId: 1000000
------------------------------------------------------------------------------
   Message Time UTC: 2017-12-18 Mon 23:45:49.939120500 +0000 UTC 
 Message Time Local: 2017-12-18 Mon 17:45:49.939120500 -0600 CST 
******************************************************************************    


******************************************************************************
                Information Message                            Msg No: 1000612
******************************************************************************
 Message: Completed Job: Copy2. No Errors!
------------------------------------------------------------------------------
 Parent Context History:
  SrcFile: main.go -ParentObj:  -FuncName: main -BaseMsgId: 1000000
------------------------------------------------------------------------------
 Current Message Context:
  SrcFile: main.go -FuncName: executeJob -BaseMsgId: 1000000
------------------------------------------------------------------------------
   Message Time UTC: 2017-12-18 Mon 23:45:49.939120500 +0000 UTC 
 Message Time Local: 2017-12-18 Mon 17:45:49.939120500 -0600 CST 
******************************************************************************    


******************************************************************************
                Information Message                            Msg No: 1000612
******************************************************************************
 Message: Completed Job: Copy2. No Errors!
------------------------------------------------------------------------------
 Parent Context History:
  SrcFile: main.go -ParentObj:  -FuncName: main -BaseMsgId: 1000000
------------------------------------------------------------------------------
 Current Message Context:
  SrcFile: main.go -FuncName: executeJob -BaseMsgId: 1000000
------------------------------------------------------------------------------
   Message Time UTC: 2017-12-18 Mon 23:45:49.939120500 +0000 UTC 
 Message Time Local: 2017-12-18 Mon 17:45:49.939120500 -0600 CST 
******************************************************************************    


******************************************************************************
                Information Message                            Msg No: 1000612
******************************************************************************
 Message: Completed Job: Copy2. No Errors!
------------------------------------------------------------------------------
 Parent Context History:
  SrcFile: main.go -ParentObj:  -FuncName: main -BaseMsgId: 1000000
------------------------------------------------------------------------------
 Current Message Context:
  SrcFile: main.go -FuncName: executeJob -BaseMsgId: 1000000
------------------------------------------------------------------------------
   Message Time UTC: 2017-12-18 Mon 23:45:49.939120500 +0000 UTC 
 Message Time Local: 2017-12-18 Mon 17:45:49.939120500 -0600 CST 
******************************************************************************    


******************************************************************************
                Information Message                            Msg No: 1000612
******************************************************************************
 Message: Completed Job: Copy2. No Errors!
------------------------------------------------------------------------------
 Parent Context History:
  SrcFile: main.go -ParentObj:  -FuncName: main -BaseMsgId: 1000000
------------------------------------------------------------------------------
 Current Message Context:
  SrcFile: main.go -FuncName: executeJob -BaseMsgId: 1000000
------------------------------------------------------------------------------
   Message Time UTC: 2017-12-18 Mon 23:45:49.939120500 +0000 UTC 
 Message Time Local: 2017-12-18 Mon 17:45:49.939120500 -0600 CST 
******************************************************************************    


******************************************************************************
                Information Message                            Msg No: 1000612
******************************************************************************
 Message: Completed Job: Copy2. No Errors!
------------------------------------------------------------------------------
 Parent Context History:
  SrcFile: main.go -ParentObj:  -FuncName: main -BaseMsgId: 1000000
------------------------------------------------------------------------------
 Current Message Context:
  SrcFile: main.go -FuncName: executeJob -BaseMsgId: 1000000
------------------------------------------------------------------------------
   Message Time UTC: 2017-12-18 Mon 23:45:49.939120500 +0000 UTC 
 Message Time Local: 2017-12-18 Mon 17:45:49.939120500 -0600 CST 
******************************************************************************    


******************************************************************************
                Information Message                            Msg No: 1000612
******************************************************************************
 Message: Completed Job: Copy2. No Errors!
------------------------------------------------------------------------------
 Parent Context History:
  SrcFile: main.go -ParentObj:  -FuncName: main -BaseMsgId: 1000000
------------------------------------------------------------------------------
 Current Message Context:
  SrcFile: main.go -FuncName: executeJob -BaseMsgId: 1000000
------------------------------------------------------------------------------
   Message Time UTC: 2017-12-18 Mon 23:45:49.939120500 +0000 UTC 
 Message Time Local: 2017-12-18 Mon 17:45:49.939120500 -0600 CST 
******************************************************************************    


******************************************************************************
                Information Message                            Msg No: 1000612
******************************************************************************
 Message: Completed Job: Copy2. No Errors!
------------------------------------------------------------------------------
 Parent Context History:
  SrcFile: main.go -ParentObj:  -FuncName: main -BaseMsgId: 1000000
------------------------------------------------------------------------------
 Current Message Context:
  SrcFile: main.go -FuncName: executeJob -BaseMsgId: 1000000
------------------------------------------------------------------------------
   Message Time UTC: 2017-12-18 Mon 23:45:49.939120500 +0000 UTC 
 Message Time Local: 2017-12-18 Mon 17:45:49.939120500 -0600 CST 
******************************************************************************    


******************************************************************************
                Information Message                            Msg No: 1000612
******************************************************************************
 Message: Completed Job: Copy2. No Errors!
------------------------------------------------------------------------------
 Parent Context History:
  SrcFile: main.go -ParentObj:  -FuncName: main -BaseMsgId: 1000000
------------------------------------------------------------------------------
 Current Message Context:
  SrcFile: main.go -FuncName: executeJob -BaseMsgId: 1000000
------------------------------------------------------------------------------
   Message Time UTC: 2017-12-18 Mon 23:45:49.939120500 +0000 UTC 
 Message Time Local: 2017-12-18 Mon 17:45:49.939120500 -0600 CST 
******************************************************************************    


******************************************************************************
                Information Message                            Msg No: 1000612
******************************************************************************
 Message: Completed Job: Copy2. No Errors!
------------------------------------------------------------------------------
 Parent Context History:
  SrcFile: main.go -ParentObj:  -FuncName: main -BaseMsgId: 1000000
------------------------------------------------------------------------------
 Current Message Context:
  SrcFile: main.go -FuncName: executeJob -BaseMsgId: 1000000
------------------------------------------------------------------------------
   Message Time UTC: 2017-12-18 Mon 23:45:49.939120500 +0000 UTC 
 Message Time Local: 2017-12-18 Mon 17:45:49.939120500 -0600 CST 
******************************************************************************    


******************************************************************************
                Information Message                            Msg No: 1000612
******************************************************************************
 Message: Completed Job: Copy2. No Errors!
------------------------------------------------------------------------------
 Parent Context History:
  SrcFile: main.go -ParentObj:  -FuncName: main -BaseMsgId: 1000000
------------------------------------------------------------------------------
 Current Message Context:
  SrcFile: main.go -FuncName: executeJob -BaseMsgId: 1000000
------------------------------------------------------------------------------
   Message Time UTC: 2017-12-18 Mon 23:45:49.939120500 +0000 UTC 
 Message Time Local: 2017-12-18 Mon 17:45:49.939120500 -0600 CST 
******************************************************************************
&&&&&&&&&&&&&&&&&&&&&&&&&&&&&&&&&&&&&&&&&&&&&&&&&&&&&&&&&&&&&&&&&&&&&&&&&&&&&&&&

++++++++++++++++++++++++++++++++++++++++++++++++++++++++++++++++++++++++++++++++
                    End Of Job Execution Message Number: 1
++++++++++++++++++++++++++++++++++++++++++++++++++++++++++++++++++++++++++++++++




================================================================================
================================================================================
!!!!!!!!!!!!!!!!!!!!!!!!!!!!!!!!!!!!!!!!!!!!!!!!!!!!!!!!!!!!!!!!!!!!!!!!!!!!!!!!
                        Completed Command Job Execution
                            Command Job Name: Copy2
                             Command Job Number: 2
!!!!!!!!!!!!!!!!!!!!!!!!!!!!!!!!!!!!!!!!!!!!!!!!!!!!!!!!!!!!!!!!!!!!!!!!!!!!!!!!
================================================================================

********************************************************************************
  Cmd Job Description: Copy Dir 6 to Dir 7
********************************************************************************
--------------------------------------------------------------------------------
  Execution Command: cmd.exe
  Command Arguments: /c copy D:\T06\*.txt D:\T07\ 
--------------------------------------------------------------------------------

********************************************************************************
********************************************************************************
                          Command Job Execution Times
  UTC Start\End Times:
--------------------------------------------------------------------------------
   Cmd Job Start Time UTC: 2017-12-18 23:45:44.927405600 +0000 UTC
     Cmd Job End Time UTC: 2017-12-18 23:45:49.942134000 +0000 UTC
--------------------------------------------------------------------------------

  Local Start\End Times:
--------------------------------------------------------------------------------
  Cmd Job Start Time Local: 2017-12-18 17:45:44.927405600 -0600 CST
    Cmd Job End Time Local: 2017-12-18 17:45:49.942134000 -0600 CST
   Cmd Job Local Time Zone: America/Chicago
--------------------------------------------------------------------------------

&&&&&&&&&&&&&&&&&&&&&&&&&&&&&&&&&&&&&&&&&&&&&&&&&&&&&&&&&&&&&&&&&&&&&&&&&&&&&&&&

  Cmd Job Execution Elapsed Time:
&&&&&&&&&&&&&&&&&&&&&&&&&&&&&&&&&&&&&&&&&&&&&&&&&&&&&&&&&&&&&&&&&&&&&&&&&&&&&&&&
    0-Hours 0-Minutes 5-Seconds 14-Milliseconds 728-Microseconds 400-Nanoseconds
&&&&&&&&&&&&&&&&&&&&&&&&&&&&&&&&&&&&&&&&&&&&&&&&&&&&&&&&&&&&&&&&&&&&&&&&&&&&&&&&


--------------------------------------------------------------------------------
  Number of Messages: 1
--------------------------------------------------------------------------------

================================================================================
                         End of Command Job Number: 2
================================================================================




################################################################################
################################################################################
                         Completed Job Group Execution
================================================================================
                      App Name: cmdrX  AppVersion: 2.0.0 
================================================================================
               Execution Job Group Command File: cmdrXCmds.xml 
********************************************************************************
    Number of Jobs Executed: 2 
  Number of Messages Logged: 2 
********************************************************************************
--------------------------------------------------------------------------------

  Job Group Execution Times:
--------------------------------------------------------------------------------
  JobGroup   Start Time UTC: Monday December 18, 2017 23:45:28.033142700 +0000 UTC 
  JobGroup     End Time UTC: Monday December 18, 2017 23:45:39.903952400 +0000 UTC 
--------------------------------------------------------------------------------
  JobGroup Start Time Local: Monday December 18, 2017 17:45:28.033142700 -0600 CST 
  JobGroup   End Time Local: Monday December 18, 2017 17:45:39.903952400 -0600 CST 
--------------------------------------------------------------------------------
  JobGroup  Local Time Zone: America/Chicago 
--------------------------------------------------------------------------------

********************************************************************************
  JobGroup Elapsed Time:
--------------------------------------------------------------------------------
  0-Hours 0-Minutes 11-Seconds 870-Milliseconds 809-Microseconds 700-Nanoseconds
--------------------------------------------------------------------------------
********************************************************************************

################################################################################
                          End of Job Group Execution
################################################################################
